{"meta": {"format": 3, "version": "7.14.1", "timestamp": "2026-05-29T21:07:18.949489", "branch_coverage": true, "show_contexts": false}, "files": {"src/__init__.py": {"executed_lines": [], "summary": {"covered_lines": 0, "num_statements": 0, "percent_covered": 100.0, "percent_covered_display": "100", "missing_lines": 0, "excluded_lines": 0, "percent_statements_covered": 100.0, "percent_statements_covered_display": "100", "num_branches": 0, "num_partial_branches": 0, "covered_branches": 0, "missing_branches": 0, "percent_branches_covered": 100.0, "percent_branches_covered_display": "100"}, "missing_lines": [], "excluded_lines": [], "executed_branches": [], "missing_branches": [], "functions": {"": {"executed_lines": [], "summary": {"covered_lines": 0, "num_statements": 0, "percent_covered": 100.0, "percent_covered_display": "100", "missing_lines": 0, "excluded_lines": 0, "percent_statements_covered": 100.0, "percent_statements_covered_display": "100", "num_branches": 0, "num_partial_branches": 0, "covered_branches": 0, "missing_branches": 0, "percent_branches_covered": 100.0, "percent_branches_covered_display": "100"}, "missing_lines": [], "excluded_lines": [], "start_line": 1, "executed_branches": [], "missing_branches": []}}, "classes": {"": {"executed_lines": [], "summary": {"covered_lines": 0, "num_statements": 0, "percent_covered": 100.0, "percent_covered_display": "100", "missing_lines": 0, "excluded_lines": 0, "percent_statements_covered": 100.0, "percent_statements_covered_display": "100", "num_branches": 0, "num_partial_branches": 0, "covered_branches": 0, "missing_branches": 0, "percent_branches_covered": 100.0, "percent_branches_covered_display": "100"}, "missing_lines": [], "excluded_lines": [], "start_line": 1, "executed_branches": [], "missing_branches": []}}}, "src/api/__init__.py": {"executed_lines": [], "summary": {"covered_lines": 0, "num_statements": 0, "percent_covered": 100.0, "percent_covered_display": "100", "missing_lines": 0, "excluded_lines": 0, "percent_statements_covered": 100.0, "percent_statements_covered_display": "100", "num_branches": 0, "num_partial_branches": 0, "covered_branches": 0, "missing_branches": 0, "percent_branches_covered": 100.0, "percent_branches_covered_display": "100"}, "missing_lines": [], "excluded_lines": [], "executed_branches": [], "missing_branches": [], "functions": {"": {"executed_lines": [], "summary": {"covered_lines": 0, "num_statements": 0, "percent_covered": 100.0, "percent_covered_display": "100", "missing_lines": 0, "excluded_lines": 0, "percent_statements_covered": 100.0, "percent_statements_covered_display": "100", "num_branches": 0, "num_partial_branches": 0, "covered_branches": 0, "missing_branches": 0, "percent_branches_covered": 100.0, "percent_branches_covered_display": "100"}, "missing_lines": [], "excluded_lines": [], "start_line": 1, "executed_branches": [], "missing_branches": []}}, "classes": {"": {"executed_lines": [], "summary": {"covered_lines": 0, "num_statements": 0, "percent_covered": 100.0, "percent_covered_display": "100", "missing_lines": 0, "excluded_lines": 0, "percent_statements_covered": 100.0, "percent_statements_covered_display": "100", "num_branches": 0, "num_partial_branches": 0, "covered_branches": 0, "missing_branches": 0, "percent_branches_covered": 100.0, "percent_branches_covered_display": "100"}, "missing_lines": [], "excluded_lines": [], "start_line": 1, "executed_branches": [], "missing_branches": []}}}, "src/api/csrf_helper.py": {"executed_lines": [3, 5, 7, 8, 14, 25, 26, 34], "summary": {"covered_lines": 8, "num_statements": 8, "percent_covered": 100.0, "percent_covered_display": "100", "missing_lines": 0, "excluded_lines": 2, "percent_statements_covered": 100.0, "percent_statements_covered_display": "100", "num_branches": 0, "num_partial_branches": 0, "covered_branches": 0, "missing_branches": 0, "percent_branches_covered": 100.0, "percent_branches_covered_display": "100"}, "missing_lines": [], "excluded_lines": [10, 11], "executed_branches": [], "missing_branches": [], "functions": {"set_csrf_cookie": {"executed_lines": [25, 26, 34], "summary": {"covered_lines": 3, "num_statements": 3, "percent_covered": 100.0, "percent_covered_display": "100", "missing_lines": 0, "excluded_lines": 0, "percent_statements_covered": 100.0, "percent_statements_covered_display": "100", "num_branches": 0, "num_partial_branches": 0, "covered_branches": 0, "missing_branches": 0, "percent_branches_covered": 100.0, "percent_branches_covered_display": "100"}, "missing_lines": [], "excluded_lines": [], "start_line": 14, "executed_branches": [], "missing_branches": []}, "": {"executed_lines": [3, 5, 7, 8, 14], "summary": {"covered_lines": 5, "num_statements": 5, "percent_covered": 100.0, "percent_covered_display": "100", "missing_lines": 0, "excluded_lines": 2, "percent_statements_covered": 100.0, "percent_statements_covered_display": "100", "num_branches": 0, "num_partial_branches": 0, "covered_branches": 0, "missing_branches": 0, "percent_branches_covered": 100.0, "percent_branches_covered_display": "100"}, "missing_lines": [], "excluded_lines": [10, 11], "start_line": 1, "executed_branches": [], "missing_branches": []}}, "classes": {"": {"executed_lines": [3, 5, 7, 8, 14, 25, 26, 34], "summary": {"covered_lines": 8, "num_statements": 8, "percent_covered": 100.0, "percent_covered_display": "100", "missing_lines": 0, "excluded_lines": 2, "percent_statements_covered": 100.0, "percent_statements_covered_display": "100", "num_branches": 0, "num_partial_branches": 0, "covered_branches": 0, "missing_branches": 0, "percent_branches_covered": 100.0, "percent_branches_covered_display": "100"}, "missing_lines": [], "excluded_lines": [10, 11], "start_line": 1, "executed_branches": [], "missing_branches": []}}}, "src/api/dependencies.py": {"executed_lines": [3, 5, 7, 9, 10, 11, 20, 25, 31, 32, 33, 37, 40, 58], "summary": {"covered_lines": 14, "num_statements": 20, "percent_covered": 61.53846153846154, "percent_covered_display": "62", "missing_lines": 6, "excluded_lines": 4, "percent_statements_covered": 70.0, "percent_statements_covered_display": "70", "num_branches": 6, "num_partial_branches": 0, "covered_branches": 2, "missing_branches": 4, "percent_branches_covered": 33.333333333333336, "percent_branches_covered_display": "33"}, "missing_lines": [21, 22, 48, 74, 75, 76], "excluded_lines": [13, 14, 16, 17], "executed_branches": [[32, 33], [32, 37]], "missing_branches": [[21, -20], [21, 22], [75, -58], [75, 76]], "functions": {"get_async_db": {"executed_lines": [], "summary": {"covered_lines": 0, "num_statements": 2, "percent_covered": 0.0, "percent_covered_display": "0", "missing_lines": 2, "excluded_lines": 0, "percent_statements_covered": 0.0, "percent_statements_covered_display": "0", "num_branches": 2, "num_partial_branches": 0, "covered_branches": 0, "missing_branches": 2, "percent_branches_covered": 0.0, "percent_branches_covered_display": "0"}, "missing_lines": [21, 22], "excluded_lines": [], "start_line": 20, "executed_branches": [], "missing_branches": [[21, -20], [21, 22]]}, "require_admin_token": {"executed_lines": [31, 32, 33, 37], "summary": {"covered_lines": 4, "num_statements": 4, "percent_covered": 100.0, "percent_covered_display": "100", "missing_lines": 0, "excluded_lines": 0, "percent_statements_covered": 100.0, "percent_statements_covered_display": "100", "num_branches": 2, "num_partial_branches": 0, "covered_branches": 2, "missing_branches": 0, "percent_branches_covered": 100.0, "percent_branches_covered_display": "100"}, "missing_lines": [], "excluded_lines": [], "start_line": 25, "executed_branches": [[32, 33], [32, 37]], "missing_branches": []}, "set_admin_cookie": {"executed_lines": [], "summary": {"covered_lines": 0, "num_statements": 1, "percent_covered": 0.0, "percent_covered_display": "0", "missing_lines": 1, "excluded_lines": 0, "percent_statements_covered": 0.0, "percent_statements_covered_display": "0", "num_branches": 0, "num_partial_branches": 0, "covered_branches": 0, "missing_branches": 0, "percent_branches_covered": 100.0, "percent_branches_covered_display": "100"}, "missing_lines": [48], "excluded_lines": [], "start_line": 40, "executed_branches": [], "missing_branches": []}, "verify_csrf": {"executed_lines": [], "summary": {"covered_lines": 0, "num_statements": 3, "percent_covered": 0.0, "percent_covered_display": "0", "missing_lines": 3, "excluded_lines": 0, "percent_statements_covered": 0.0, "percent_statements_covered_display": "0", "num_branches": 2, "num_partial_branches": 0, "covered_branches": 0, "missing_branches": 2, "percent_branches_covered": 0.0, "percent_branches_covered_display": "0"}, "missing_lines": [74, 75, 76], "excluded_lines": [], "start_line": 58, "executed_branches": [], "missing_branches": [[75, -58], [75, 76]]}, "": {"executed_lines": [3, 5, 7, 9, 10, 11, 20, 25, 40, 58], "summary": {"covered_lines": 10, "num_statements": 10, "percent_covered": 100.0, "percent_covered_display": "100", "missing_lines": 0, "excluded_lines": 4, "percent_statements_covered": 100.0, "percent_statements_covered_display": "100", "num_branches": 0, "num_partial_branches": 0, "covered_branches": 0, "missing_branches": 0, "percent_branches_covered": 100.0, "percent_branches_covered_display": "100"}, "missing_lines": [], "excluded_lines": [13, 14, 16, 17], "start_line": 1, "executed_branches": [], "missing_branches": []}}, "classes": {"": {"executed_lines": [3, 5, 7, 9, 10, 11, 20, 25, 31, 32, 33, 37, 40, 58], "summary": {"covered_lines": 14, "num_statements": 20, "percent_covered": 61.53846153846154, "percent_covered_display": "62", "missing_lines": 6, "excluded_lines": 4, "percent_statements_covered": 70.0, "percent_statements_covered_display": "70", "num_branches": 6, "num_partial_branches": 0, "covered_branches": 2, "missing_branches": 4, "percent_branches_covered": 33.333333333333336, "percent_branches_covered_display": "33"}, "missing_lines": [21, 22, 48, 74, 75, 76], "excluded_lines": [13, 14, 16, 17], "start_line": 1, "executed_branches": [[32, 33], [32, 37]], "missing_branches": [[21, -20], [21, 22], [75, -58], [75, 76]]}}}, "src/api/main.py": {"executed_lines": [], "summary": {"covered_lines": 0, "num_statements": 44, "percent_covered": 0.0, "percent_covered_display": "0", "missing_lines": 44, "excluded_lines": 0, "percent_statements_covered": 0.0, "percent_statements_covered_display": "0", "num_branches": 2, "num_partial_branches": 0, "covered_branches": 0, "missing_branches": 2, "percent_branches_covered": 0.0, "percent_branches_covered_display": "0"}, "missing_lines": [3, 5, 7, 8, 9, 10, 12, 13, 14, 15, 16, 17, 18, 19, 21, 22, 25, 26, 27, 28, 29, 30, 31, 38, 47, 48, 50, 51, 52, 54, 55, 58, 62, 63, 66, 67, 68, 69, 70, 72, 73, 74, 75, 76], "excluded_lines": [], "executed_branches": [], "missing_branches": [[47, 48], [47, 66]], "functions": {"lifespan": {"executed_lines": [], "summary": {"covered_lines": 0, "num_statements": 5, "percent_covered": 0.0, "percent_covered_display": "0", "missing_lines": 5, "excluded_lines": 0, "percent_statements_covered": 0.0, "percent_statements_covered_display": "0", "num_branches": 0, "num_partial_branches": 0, "covered_branches": 0, "missing_branches": 0, "percent_branches_covered": 100.0, "percent_branches_covered_display": "100"}, "missing_lines": [27, 28, 29, 30, 31], "excluded_lines": [], "start_line": 26, "executed_branches": [], "missing_branches": []}, "_admin_openapi": {"executed_lines": [], "summary": {"covered_lines": 0, "num_statements": 1, "percent_covered": 0.0, "percent_covered_display": "0", "missing_lines": 1, "excluded_lines": 0, "percent_statements_covered": 0.0, "percent_statements_covered_display": "0", "num_branches": 0, "num_partial_branches": 0, "covered_branches": 0, "missing_branches": 0, "percent_branches_covered": 100.0, "percent_branches_covered_display": "100"}, "missing_lines": [52], "excluded_lines": [], "start_line": 51, "executed_branches": [], "missing_branches": []}, "_admin_docs": {"executed_lines": [], "summary": {"covered_lines": 0, "num_statements": 3, "percent_covered": 0.0, "percent_covered_display": "0", "missing_lines": 3, "excluded_lines": 0, "percent_statements_covered": 0.0, "percent_statements_covered_display": "0", "num_branches": 0, "num_partial_branches": 0, "covered_branches": 0, "missing_branches": 0, "percent_branches_covered": 100.0, "percent_branches_covered_display": "100"}, "missing_lines": [58, 62, 63], "excluded_lines": [], "start_line": 55, "executed_branches": [], "missing_branches": []}, "": {"executed_lines": [], "summary": {"covered_lines": 0, "num_statements": 35, "percent_covered": 0.0, "percent_covered_display": "0", "missing_lines": 35, "excluded_lines": 0, "percent_statements_covered": 0.0, "percent_statements_covered_display": "0", "num_branches": 2, "num_partial_branches": 0, "covered_branches": 0, "missing_branches": 2, "percent_branches_covered": 0.0, "percent_branches_covered_display": "0"}, "missing_lines": [3, 5, 7, 8, 9, 10, 12, 13, 14, 15, 16, 17, 18, 19, 21, 22, 25, 26, 38, 47, 48, 50, 51, 54, 55, 66, 67, 68, 69, 70, 72, 73, 74, 75, 76], "excluded_lines": [], "start_line": 1, "executed_branches": [], "missing_branches": [[47, 48], [47, 66]]}}, "classes": {"": {"executed_lines": [], "summary": {"covered_lines": 0, "num_statements": 44, "percent_covered": 0.0, "percent_covered_display": "0", "missing_lines": 44, "excluded_lines": 0, "percent_statements_covered": 0.0, "percent_statements_covered_display": "0", "num_branches": 2, "num_partial_branches": 0, "covered_branches": 0, "missing_branches": 2, "percent_branches_covered": 0.0, "percent_branches_covered_display": "0"}, "missing_lines": [3, 5, 7, 8, 9, 10, 12, 13, 14, 15, 16, 17, 18, 19, 21, 22, 25, 26, 27, 28, 29, 30, 31, 38, 47, 48, 50, 51, 52, 54, 55, 58, 62, 63, 66, 67, 68, 69, 70, 72, 73, 74, 75, 76], "excluded_lines": [], "start_line": 1, "executed_branches": [], "missing_branches": [[47, 48], [47, 66]]}}}, "src/api/middleware.py": {"executed_lines": [], "summary": {"covered_lines": 0, "num_statements": 31, "percent_covered": 0.0, "percent_covered_display": "0", "missing_lines": 31, "excluded_lines": 2, "percent_statements_covered": 0.0, "percent_statements_covered_display": "0", "num_branches": 2, "num_partial_branches": 0, "covered_branches": 0, "missing_branches": 2, "percent_branches_covered": 0.0, "percent_branches_covered_display": "0"}, "missing_lines": [3, 5, 6, 7, 9, 10, 11, 13, 18, 20, 23, 24, 29, 30, 31, 32, 33, 34, 35, 36, 38, 39, 40, 41, 48, 51, 52, 53, 54, 55, 56], "excluded_lines": [15, 16], "executed_branches": [], "missing_branches": [[54, 55], [54, 56]], "functions": {"TraceMiddleware.dispatch": {"executed_lines": [], "summary": {"covered_lines": 0, "num_statements": 13, "percent_covered": 0.0, "percent_covered_display": "0", "missing_lines": 13, "excluded_lines": 0, "percent_statements_covered": 0.0, "percent_statements_covered_display": "0", "num_branches": 0, "num_partial_branches": 0, "covered_branches": 0, "missing_branches": 0, "percent_branches_covered": 100.0, "percent_branches_covered_display": "100"}, "missing_lines": [29, 30, 31, 32, 33, 34, 35, 36, 38, 39, 40, 41, 48], "excluded_lines": [], "start_line": 24, "executed_branches": [], "missing_branches": []}, "BodySizeLimitMiddleware.dispatch": {"executed_lines": [], "summary": {"covered_lines": 0, "num_statements": 4, "percent_covered": 0.0, "percent_covered_display": "0", "missing_lines": 4, "excluded_lines": 0, "percent_statements_covered": 0.0, "percent_statements_covered_display": "0", "num_branches": 2, "num_partial_branches": 0, "covered_branches": 0, "missing_branches": 2, "percent_branches_covered": 0.0, "percent_branches_covered_display": "0"}, "missing_lines": [53, 54, 55, 56], "excluded_lines": [], "start_line": 52, "executed_branches": [], "missing_branches": [[54, 55], [54, 56]]}, "": {"executed_lines": [], "summary": {"covered_lines": 0, "num_statements": 14, "percent_covered": 0.0, "percent_covered_display": "0", "missing_lines": 14, "excluded_lines": 2, "percent_statements_covered": 0.0, "percent_statements_covered_display": "0", "num_branches": 0, "num_partial_branches": 0, "covered_branches": 0, "missing_branches": 0, "percent_branches_covered": 100.0, "percent_branches_covered_display": "100"}, "missing_lines": [3, 5, 6, 7, 9, 10, 11, 13, 18, 20, 23, 24, 51, 52], "excluded_lines": [15, 16], "start_line": 1, "executed_branches": [], "missing_branches": []}}, "classes": {"TraceMiddleware": {"executed_lines": [], "summary": {"covered_lines": 0, "num_statements": 13, "percent_covered": 0.0, "percent_covered_display": "0", "missing_lines": 13, "excluded_lines": 0, "percent_statements_covered": 0.0, "percent_statements_covered_display": "0", "num_branches": 0, "num_partial_branches": 0, "covered_branches": 0, "missing_branches": 0, "percent_branches_covered": 100.0, "percent_branches_covered_display": "100"}, "missing_lines": [29, 30, 31, 32, 33, 34, 35, 36, 38, 39, 40, 41, 48], "excluded_lines": [], "start_line": 23, "executed_branches": [], "missing_branches": []}, "BodySizeLimitMiddleware": {"executed_lines": [], "summary": {"covered_lines": 0, "num_statements": 4, "percent_covered": 0.0, "percent_covered_display": "0", "missing_lines": 4, "excluded_lines": 0, "percent_statements_covered": 0.0, "percent_statements_covered_display": "0", "num_branches": 2, "num_partial_branches": 0, "covered_branches": 0, "missing_branches": 2, "percent_branches_covered": 0.0, "percent_branches_covered_display": "0"}, "missing_lines": [53, 54, 55, 56], "excluded_lines": [], "start_line": 51, "executed_branches": [], "missing_branches": [[54, 55], [54, 56]]}, "": {"executed_lines": [], "summary": {"covered_lines": 0, "num_statements": 14, "percent_covered": 0.0, "percent_covered_display": "0", "missing_lines": 14, "excluded_lines": 2, "percent_statements_covered": 0.0, "percent_statements_covered_display": "0", "num_branches": 0, "num_partial_branches": 0, "covered_branches": 0, "missing_branches": 0, "percent_branches_covered": 100.0, "percent_branches_covered_display": "100"}, "missing_lines": [3, 5, 6, 7, 9, 10, 11, 13, 18, 20, 23, 24, 51, 52], "excluded_lines": [15, 16], "start_line": 1, "executed_branches": [], "missing_branches": []}}}, "src/api/routers/__init__.py": {"executed_lines": [], "summary": {"covered_lines": 0, "num_statements": 0, "percent_covered": 100.0, "percent_covered_display": "100", "missing_lines": 0, "excluded_lines": 0, "percent_statements_covered": 100.0, "percent_statements_covered_display": "100", "num_branches": 0, "num_partial_branches": 0, "covered_branches": 0, "missing_branches": 0, "percent_branches_covered": 100.0, "percent_branches_covered_display": "100"}, "missing_lines": [], "excluded_lines": [], "executed_branches": [], "missing_branches": [], "functions": {"": {"executed_lines": [], "summary": {"covered_lines": 0, "num_statements": 0, "percent_covered": 100.0, "percent_covered_display": "100", "missing_lines": 0, "excluded_lines": 0, "percent_statements_covered": 100.0, "percent_statements_covered_display": "100", "num_branches": 0, "num_partial_branches": 0, "covered_branches": 0, "missing_branches": 0, "percent_branches_covered": 100.0, "percent_branches_covered_display": "100"}, "missing_lines": [], "excluded_lines": [], "start_line": 1, "executed_branches": [], "missing_branches": []}}, "classes": {"": {"executed_lines": [], "summary": {"covered_lines": 0, "num_statements": 0, "percent_covered": 100.0, "percent_covered_display": "100", "missing_lines": 0, "excluded_lines": 0, "percent_statements_covered": 100.0, "percent_statements_covered_display": "100", "num_branches": 0, "num_partial_branches": 0, "covered_branches": 0, "missing_branches": 0, "percent_branches_covered": 100.0, "percent_branches_covered_display": "100"}, "missing_lines": [], "excluded_lines": [], "start_line": 1, "executed_branches": [], "missing_branches": []}}}, "src/api/routers/admin.py": {"executed_lines": [], "summary": {"covered_lines": 0, "num_statements": 52, "percent_covered": 0.0, "percent_covered_display": "0", "missing_lines": 52, "excluded_lines": 2, "percent_statements_covered": 0.0, "percent_statements_covered_display": "0", "num_branches": 4, "num_partial_branches": 0, "covered_branches": 0, "missing_branches": 4, "percent_branches_covered": 0.0, "percent_branches_covered_display": "0"}, "missing_lines": [3, 5, 6, 8, 9, 10, 11, 13, 14, 15, 16, 17, 18, 23, 24, 25, 28, 35, 46, 49, 50, 55, 56, 63, 65, 67, 72, 74, 75, 76, 82, 84, 97, 110, 111, 113, 114, 117, 118, 125, 126, 127, 128, 129, 130, 131, 132, 138, 149, 151, 153, 157], "excluded_lines": [20, 21], "executed_branches": [], "missing_branches": [[126, 127], [126, 128], [128, 129], [128, 130]], "functions": {"_audit": {"executed_lines": [], "summary": {"covered_lines": 0, "num_statements": 2, "percent_covered": 0.0, "percent_covered_display": "0", "missing_lines": 2, "excluded_lines": 0, "percent_statements_covered": 0.0, "percent_statements_covered_display": "0", "num_branches": 0, "num_partial_branches": 0, "covered_branches": 0, "missing_branches": 0, "percent_branches_covered": 100.0, "percent_branches_covered_display": "100"}, "missing_lines": [35, 46], "excluded_lines": [], "start_line": 28, "executed_branches": [], "missing_branches": []}, "dashboard": {"executed_lines": [], "summary": {"covered_lines": 0, "num_statements": 16, "percent_covered": 0.0, "percent_covered_display": "0", "missing_lines": 16, "excluded_lines": 0, "percent_statements_covered": 0.0, "percent_statements_covered_display": "0", "num_branches": 0, "num_partial_branches": 0, "covered_branches": 0, "missing_branches": 0, "percent_branches_covered": 100.0, "percent_branches_covered_display": "100"}, "missing_lines": [55, 56, 63, 65, 67, 72, 74, 75, 76, 82, 84, 97, 110, 111, 113, 114], "excluded_lines": [], "start_line": 50, "executed_branches": [], "missing_branches": []}, "retry_order": {"executed_lines": [], "summary": {"covered_lines": 0, "num_statements": 13, "percent_covered": 0.0, "percent_covered_display": "0", "missing_lines": 13, "excluded_lines": 0, "percent_statements_covered": 0.0, "percent_statements_covered_display": "0", "num_branches": 4, "num_partial_branches": 0, "covered_branches": 0, "missing_branches": 4, "percent_branches_covered": 0.0, "percent_branches_covered_display": "0"}, "missing_lines": [125, 126, 127, 128, 129, 130, 131, 132, 138, 149, 151, 153, 157], "excluded_lines": [], "start_line": 118, "executed_branches": [], "missing_branches": [[126, 127], [126, 128], [128, 129], [128, 130]]}, "": {"executed_lines": [], "summary": {"covered_lines": 0, "num_statements": 21, "percent_covered": 0.0, "percent_covered_display": "0", "missing_lines": 21, "excluded_lines": 2, "percent_statements_covered": 0.0, "percent_statements_covered_display": "0", "num_branches": 0, "num_partial_branches": 0, "covered_branches": 0, "missing_branches": 0, "percent_branches_covered": 100.0, "percent_branches_covered_display": "100"}, "missing_lines": [3, 5, 6, 8, 9, 10, 11, 13, 14, 15, 16, 17, 18, 23, 24, 25, 28, 49, 50, 117, 118], "excluded_lines": [20, 21], "start_line": 1, "executed_branches": [], "missing_branches": []}}, "classes": {"": {"executed_lines": [], "summary": {"covered_lines": 0, "num_statements": 52, "percent_covered": 0.0, "percent_covered_display": "0", "missing_lines": 52, "excluded_lines": 2, "percent_statements_covered": 0.0, "percent_statements_covered_display": "0", "num_branches": 4, "num_partial_branches": 0, "covered_branches": 0, "missing_branches": 4, "percent_branches_covered": 0.0, "percent_branches_covered_display": "0"}, "missing_lines": [3, 5, 6, 8, 9, 10, 11, 13, 14, 15, 16, 17, 18, 23, 24, 25, 28, 35, 46, 49, 50, 55, 56, 63, 65, 67, 72, 74, 75, 76, 82, 84, 97, 110, 111, 113, 114, 117, 118, 125, 126, 127, 128, 129, 130, 131, 132, 138, 149, 151, 153, 157], "excluded_lines": [20, 21], "start_line": 1, "executed_branches": [], "missing_branches": [[126, 127], [126, 128], [128, 129], [128, 130]]}}}, "src/api/routers/config_admin.py": {"executed_lines": [], "summary": {"covered_lines": 0, "num_statements": 234, "percent_covered": 0.0, "percent_covered_display": "0", "missing_lines": 234, "excluded_lines": 2, "percent_statements_covered": 0.0, "percent_statements_covered_display": "0", "num_branches": 50, "num_partial_branches": 0, "covered_branches": 0, "missing_branches": 50, "percent_branches_covered": 0.0, "percent_branches_covered_display": "0"}, "missing_lines": [3, 5, 7, 8, 9, 10, 12, 13, 14, 15, 16, 17, 18, 19, 20, 21, 26, 27, 28, 31, 38, 54, 55, 61, 64, 73, 74, 75, 76, 79, 80, 84, 93, 94, 95, 96, 99, 100, 106, 111, 112, 113, 122, 123, 124, 125, 128, 129, 140, 141, 142, 143, 145, 150, 151, 152, 153, 154, 155, 156, 157, 158, 170, 171, 174, 175, 182, 187, 188, 189, 190, 191, 192, 198, 199, 205, 206, 208, 209, 210, 211, 212, 213, 214, 215, 217, 223, 239, 240, 241, 242, 245, 247, 253, 254, 263, 264, 265, 266, 267, 268, 269, 272, 273, 285, 286, 287, 288, 291, 292, 296, 306, 307, 308, 309, 312, 313, 319, 320, 321, 322, 333, 343, 344, 345, 346, 349, 350, 366, 367, 368, 369, 371, 372, 373, 374, 375, 376, 378, 379, 380, 381, 383, 384, 385, 386, 387, 388, 389, 390, 393, 402, 403, 405, 406, 407, 408, 409, 410, 411, 412, 413, 414, 416, 423, 426, 427, 428, 430, 431, 434, 435, 436, 437, 438, 439, 441, 444, 445, 452, 453, 454, 455, 456, 457, 458, 459, 461, 462, 463, 465, 466, 467, 468, 469, 470, 472, 478, 479, 485, 494, 503, 504, 505, 506, 509, 510, 522, 523, 524, 525, 527, 528, 529, 530, 532, 533, 535, 536, 537, 538, 539, 540, 547, 548, 551, 552, 559, 560, 561, 562, 563, 564, 565], "excluded_lines": [23, 24], "executed_branches": [], "missing_branches": [[111, 112], [111, 113], [140, 141], [140, 142], [142, 143], [142, 145], [151, 152], [151, 154], [187, 188], [187, 189], [265, 266], [265, 267], [267, 268], [267, 272], [320, 321], [320, 322], [366, 367], [366, 368], [368, 369], [368, 371], [371, 372], [371, 378], [373, 374], [373, 375], [402, 403], [402, 405], [405, 406], [405, 416], [406, 407], [406, 416], [408, 409], [408, 410], [431, 434], [431, 435], [435, 436], [435, 437], [453, 454], [453, 455], [466, 467], [466, 468], [522, 523], [522, 524], [524, 525], [524, 527], [527, 528], [527, 532], [529, 530], [529, 535], [560, 561], [560, 562]], "functions": {"_audit": {"executed_lines": [], "summary": {"covered_lines": 0, "num_statements": 1, "percent_covered": 0.0, "percent_covered_display": "0", "missing_lines": 1, "excluded_lines": 0, "percent_statements_covered": 0.0, "percent_statements_covered_display": "0", "num_branches": 0, "num_partial_branches": 0, "covered_branches": 0, "missing_branches": 0, "percent_branches_covered": 100.0, "percent_branches_covered_display": "100"}, "missing_lines": [38], "excluded_lines": [], "start_line": 31, "executed_branches": [], "missing_branches": []}, "platforms_list": {"executed_lines": [], "summary": {"covered_lines": 0, "num_statements": 6, "percent_covered": 0.0, "percent_covered_display": "0", "missing_lines": 6, "excluded_lines": 0, "percent_statements_covered": 0.0, "percent_statements_covered_display": "0", "num_branches": 0, "num_partial_branches": 0, "covered_branches": 0, "missing_branches": 0, "percent_branches_covered": 100.0, "percent_branches_covered_display": "100"}, "missing_lines": [61, 64, 73, 74, 75, 76], "excluded_lines": [], "start_line": 55, "executed_branches": [], "missing_branches": []}, "platforms_new_form": {"executed_lines": [], "summary": {"covered_lines": 0, "num_statements": 5, "percent_covered": 0.0, "percent_covered_display": "0", "missing_lines": 5, "excluded_lines": 0, "percent_statements_covered": 0.0, "percent_statements_covered_display": "0", "num_branches": 0, "num_partial_branches": 0, "covered_branches": 0, "missing_branches": 0, "percent_branches_covered": 100.0, "percent_branches_covered_display": "100"}, "missing_lines": [84, 93, 94, 95, 96], "excluded_lines": [], "start_line": 80, "executed_branches": [], "missing_branches": []}, "platforms_edit_form": {"executed_lines": [], "summary": {"covered_lines": 0, "num_statements": 8, "percent_covered": 0.0, "percent_covered_display": "0", "missing_lines": 8, "excluded_lines": 0, "percent_statements_covered": 0.0, "percent_statements_covered_display": "0", "num_branches": 2, "num_partial_branches": 0, "covered_branches": 0, "missing_branches": 2, "percent_branches_covered": 0.0, "percent_branches_covered_display": "0"}, "missing_lines": [106, 111, 112, 113, 122, 123, 124, 125], "excluded_lines": [], "start_line": 100, "executed_branches": [], "missing_branches": [[111, 112], [111, 113]]}, "platforms_save": {"executed_lines": [], "summary": {"covered_lines": 0, "num_statements": 16, "percent_covered": 0.0, "percent_covered_display": "0", "missing_lines": 16, "excluded_lines": 0, "percent_statements_covered": 0.0, "percent_statements_covered_display": "0", "num_branches": 6, "num_partial_branches": 0, "covered_branches": 0, "missing_branches": 6, "percent_branches_covered": 0.0, "percent_branches_covered_display": "0"}, "missing_lines": [140, 141, 142, 143, 145, 150, 151, 152, 153, 154, 155, 156, 157, 158, 170, 171], "excluded_lines": [], "start_line": 129, "executed_branches": [], "missing_branches": [[140, 141], [140, 142], [142, 143], [142, 145], [151, 152], [151, 154]]}, "platforms_delete": {"executed_lines": [], "summary": {"covered_lines": 0, "num_statements": 7, "percent_covered": 0.0, "percent_covered_display": "0", "missing_lines": 7, "excluded_lines": 0, "percent_statements_covered": 0.0, "percent_statements_covered_display": "0", "num_branches": 2, "num_partial_branches": 0, "covered_branches": 0, "missing_branches": 2, "percent_branches_covered": 0.0, "percent_branches_covered_display": "0"}, "missing_lines": [182, 187, 188, 189, 190, 191, 192], "excluded_lines": [], "start_line": 175, "executed_branches": [], "missing_branches": [[187, 188], [187, 189]]}, "shopee_setup": {"executed_lines": [], "summary": {"covered_lines": 0, "num_statements": 16, "percent_covered": 0.0, "percent_covered_display": "0", "missing_lines": 16, "excluded_lines": 0, "percent_statements_covered": 0.0, "percent_statements_covered_display": "0", "num_branches": 0, "num_partial_branches": 0, "covered_branches": 0, "missing_branches": 0, "percent_branches_covered": 100.0, "percent_branches_covered_display": "100"}, "missing_lines": [205, 206, 208, 209, 210, 211, 212, 213, 214, 215, 217, 223, 239, 240, 241, 242], "excluded_lines": [], "start_line": 199, "executed_branches": [], "missing_branches": []}, "_set_admin_cookie": {"executed_lines": [], "summary": {"covered_lines": 0, "num_statements": 1, "percent_covered": 0.0, "percent_covered_display": "0", "missing_lines": 1, "excluded_lines": 0, "percent_statements_covered": 0.0, "percent_statements_covered_display": "0", "num_branches": 0, "num_partial_branches": 0, "covered_branches": 0, "missing_branches": 0, "percent_branches_covered": 100.0, "percent_branches_covered_display": "100"}, "missing_lines": [247], "excluded_lines": [], "start_line": 245, "executed_branches": [], "missing_branches": []}, "products_list": {"executed_lines": [], "summary": {"covered_lines": 0, "num_statements": 13, "percent_covered": 0.0, "percent_covered_display": "0", "missing_lines": 13, "excluded_lines": 0, "percent_statements_covered": 0.0, "percent_statements_covered_display": "0", "num_branches": 4, "num_partial_branches": 0, "covered_branches": 0, "missing_branches": 4, "percent_branches_covered": 0.0, "percent_branches_covered_display": "0"}, "missing_lines": [263, 264, 265, 266, 267, 268, 269, 272, 273, 285, 286, 287, 288], "excluded_lines": [], "start_line": 254, "executed_branches": [], "missing_branches": [[265, 266], [265, 267], [267, 268], [267, 272]]}, "products_new_form": {"executed_lines": [], "summary": {"covered_lines": 0, "num_statements": 5, "percent_covered": 0.0, "percent_covered_display": "0", "missing_lines": 5, "excluded_lines": 0, "percent_statements_covered": 0.0, "percent_statements_covered_display": "0", "num_branches": 0, "num_partial_branches": 0, "covered_branches": 0, "missing_branches": 0, "percent_branches_covered": 100.0, "percent_branches_covered_display": "100"}, "missing_lines": [296, 306, 307, 308, 309], "excluded_lines": [], "start_line": 292, "executed_branches": [], "missing_branches": []}, "products_edit_form": {"executed_lines": [], "summary": {"covered_lines": 0, "num_statements": 9, "percent_covered": 0.0, "percent_covered_display": "0", "missing_lines": 9, "excluded_lines": 0, "percent_statements_covered": 0.0, "percent_statements_covered_display": "0", "num_branches": 2, "num_partial_branches": 0, "covered_branches": 0, "missing_branches": 2, "percent_branches_covered": 0.0, "percent_branches_covered_display": "0"}, "missing_lines": [319, 320, 321, 322, 333, 343, 344, 345, 346], "excluded_lines": [], "start_line": 313, "executed_branches": [], "missing_branches": [[320, 321], [320, 322]]}, "products_save": {"executed_lines": [], "summary": {"covered_lines": 0, "num_statements": 49, "percent_covered": 0.0, "percent_covered_display": "0", "missing_lines": 49, "excluded_lines": 0, "percent_statements_covered": 0.0, "percent_statements_covered_display": "0", "num_branches": 20, "num_partial_branches": 0, "covered_branches": 0, "missing_branches": 20, "percent_branches_covered": 0.0, "percent_branches_covered_display": "0"}, "missing_lines": [366, 367, 368, 369, 371, 372, 373, 374, 375, 376, 378, 379, 380, 381, 383, 384, 385, 386, 387, 388, 389, 390, 393, 402, 403, 405, 406, 407, 408, 409, 410, 411, 412, 413, 414, 416, 423, 426, 427, 428, 430, 431, 434, 435, 436, 437, 438, 439, 441], "excluded_lines": [], "start_line": 350, "executed_branches": [], "missing_branches": [[366, 367], [366, 368], [368, 369], [368, 371], [371, 372], [371, 378], [373, 374], [373, 375], [402, 403], [402, 405], [405, 406], [405, 416], [406, 407], [406, 416], [408, 409], [408, 410], [431, 434], [431, 435], [435, 436], [435, 437]]}, "products_delete": {"executed_lines": [], "summary": {"covered_lines": 0, "num_statements": 18, "percent_covered": 0.0, "percent_covered_display": "0", "missing_lines": 18, "excluded_lines": 0, "percent_statements_covered": 0.0, "percent_statements_covered_display": "0", "num_branches": 4, "num_partial_branches": 0, "covered_branches": 0, "missing_branches": 4, "percent_branches_covered": 0.0, "percent_branches_covered_display": "0"}, "missing_lines": [452, 453, 454, 455, 456, 457, 458, 459, 461, 462, 463, 465, 466, 467, 468, 469, 470, 472], "excluded_lines": [], "start_line": 445, "executed_branches": [], "missing_branches": [[453, 454], [453, 455], [466, 467], [466, 468]]}, "stock_list": {"executed_lines": [], "summary": {"covered_lines": 0, "num_statements": 6, "percent_covered": 0.0, "percent_covered_display": "0", "missing_lines": 6, "excluded_lines": 0, "percent_statements_covered": 0.0, "percent_statements_covered_display": "0", "num_branches": 0, "num_partial_branches": 0, "covered_branches": 0, "missing_branches": 0, "percent_branches_covered": 100.0, "percent_branches_covered_display": "100"}, "missing_lines": [485, 494, 503, 504, 505, 506], "excluded_lines": [], "start_line": 479, "executed_branches": [], "missing_branches": []}, "stock_save": {"executed_lines": [], "summary": {"covered_lines": 0, "num_statements": 18, "percent_covered": 0.0, "percent_covered_display": "0", "missing_lines": 18, "excluded_lines": 0, "percent_statements_covered": 0.0, "percent_statements_covered_display": "0", "num_branches": 8, "num_partial_branches": 0, "covered_branches": 0, "missing_branches": 8, "percent_branches_covered": 0.0, "percent_branches_covered_display": "0"}, "missing_lines": [522, 523, 524, 525, 527, 528, 529, 530, 532, 533, 535, 536, 537, 538, 539, 540, 547, 548], "excluded_lines": [], "start_line": 510, "executed_branches": [], "missing_branches": [[522, 523], [522, 524], [524, 525], [524, 527], [527, 528], [527, 532], [529, 530], [529, 535]]}, "stock_delete": {"executed_lines": [], "summary": {"covered_lines": 0, "num_statements": 7, "percent_covered": 0.0, "percent_covered_display": "0", "missing_lines": 7, "excluded_lines": 0, "percent_statements_covered": 0.0, "percent_statements_covered_display": "0", "num_branches": 2, "num_partial_branches": 0, "covered_branches": 0, "missing_branches": 2, "percent_branches_covered": 0.0, "percent_branches_covered_display": "0"}, "missing_lines": [559, 560, 561, 562, 563, 564, 565], "excluded_lines": [], "start_line": 552, "executed_branches": [], "missing_branches": [[560, 561], [560, 562]]}, "": {"executed_lines": [], "summary": {"covered_lines": 0, "num_statements": 49, "percent_covered": 0.0, "percent_covered_display": "0", "missing_lines": 49, "excluded_lines": 2, "percent_statements_covered": 0.0, "percent_statements_covered_display": "0", "num_branches": 0, "num_partial_branches": 0, "covered_branches": 0, "missing_branches": 0, "percent_branches_covered": 100.0, "percent_branches_covered_display": "100"}, "missing_lines": [3, 5, 7, 8, 9, 10, 12, 13, 14, 15, 16, 17, 18, 19, 20, 21, 26, 27, 28, 31, 54, 55, 79, 80, 99, 100, 128, 129, 174, 175, 198, 199, 245, 253, 254, 291, 292, 312, 313, 349, 350, 444, 445, 478, 479, 509, 510, 551, 552], "excluded_lines": [23, 24], "start_line": 1, "executed_branches": [], "missing_branches": []}}, "classes": {"": {"executed_lines": [], "summary": {"covered_lines": 0, "num_statements": 234, "percent_covered": 0.0, "percent_covered_display": "0", "missing_lines": 234, "excluded_lines": 2, "percent_statements_covered": 0.0, "percent_statements_covered_display": "0", "num_branches": 50, "num_partial_branches": 0, "covered_branches": 0, "missing_branches": 50, "percent_branches_covered": 0.0, "percent_branches_covered_display": "0"}, "missing_lines": [3, 5, 7, 8, 9, 10, 12, 13, 14, 15, 16, 17, 18, 19, 20, 21, 26, 27, 28, 31, 38, 54, 55, 61, 64, 73, 74, 75, 76, 79, 80, 84, 93, 94, 95, 96, 99, 100, 106, 111, 112, 113, 122, 123, 124, 125, 128, 129, 140, 141, 142, 143, 145, 150, 151, 152, 153, 154, 155, 156, 157, 158, 170, 171, 174, 175, 182, 187, 188, 189, 190, 191, 192, 198, 199, 205, 206, 208, 209, 210, 211, 212, 213, 214, 215, 217, 223, 239, 240, 241, 242, 245, 247, 253, 254, 263, 264, 265, 266, 267, 268, 269, 272, 273, 285, 286, 287, 288, 291, 292, 296, 306, 307, 308, 309, 312, 313, 319, 320, 321, 322, 333, 343, 344, 345, 346, 349, 350, 366, 367, 368, 369, 371, 372, 373, 374, 375, 376, 378, 379, 380, 381, 383, 384, 385, 386, 387, 388, 389, 390, 393, 402, 403, 405, 406, 407, 408, 409, 410, 411, 412, 413, 414, 416, 423, 426, 427, 428, 430, 431, 434, 435, 436, 437, 438, 439, 441, 444, 445, 452, 453, 454, 455, 456, 457, 458, 459, 461, 462, 463, 465, 466, 467, 468, 469, 470, 472, 478, 479, 485, 494, 503, 504, 505, 506, 509, 510, 522, 523, 524, 525, 527, 528, 529, 530, 532, 533, 535, 536, 537, 538, 539, 540, 547, 548, 551, 552, 559, 560, 561, 562, 563, 564, 565], "excluded_lines": [23, 24], "start_line": 1, "executed_branches": [], "missing_branches": [[111, 112], [111, 113], [140, 141], [140, 142], [142, 143], [142, 145], [151, 152], [151, 154], [187, 188], [187, 189], [265, 266], [265, 267], [267, 268], [267, 272], [320, 321], [320, 322], [366, 367], [366, 368], [368, 369], [368, 371], [371, 372], [371, 378], [373, 374], [373, 375], [402, 403], [402, 405], [405, 406], [405, 416], [406, 407], [406, 416], [408, 409], [408, 410], [431, 434], [431, 435], [435, 436], [435, 437], [453, 454], [453, 455], [466, 467], [466, 468], [522, 523], [522, 524], [524, 525], [524, 527], [527, 528], [527, 532], [529, 530], [529, 535], [560, 561], [560, 562]]}}}, "src/api/routers/health.py": {"executed_lines": [], "summary": {"covered_lines": 0, "num_statements": 17, "percent_covered": 0.0, "percent_covered_display": "0", "missing_lines": 17, "excluded_lines": 0, "percent_statements_covered": 0.0, "percent_statements_covered_display": "0", "num_branches": 0, "num_partial_branches": 0, "covered_branches": 0, "missing_branches": 0, "percent_branches_covered": 100.0, "percent_branches_covered_display": "100"}, "missing_lines": [3, 5, 6, 8, 10, 13, 14, 15, 18, 19, 20, 21, 22, 24, 31, 32, 33], "excluded_lines": [], "executed_branches": [], "missing_branches": [], "functions": {"health": {"executed_lines": [], "summary": {"covered_lines": 0, "num_statements": 1, "percent_covered": 0.0, "percent_covered_display": "0", "missing_lines": 1, "excluded_lines": 0, "percent_statements_covered": 0.0, "percent_statements_covered_display": "0", "num_branches": 0, "num_partial_branches": 0, "covered_branches": 0, "missing_branches": 0, "percent_branches_covered": 100.0, "percent_branches_covered_display": "100"}, "missing_lines": [15], "excluded_lines": [], "start_line": 14, "executed_branches": [], "missing_branches": []}, "ready": {"executed_lines": [], "summary": {"covered_lines": 0, "num_statements": 4, "percent_covered": 0.0, "percent_covered_display": "0", "missing_lines": 4, "excluded_lines": 0, "percent_statements_covered": 0.0, "percent_statements_covered_display": "0", "num_branches": 0, "num_partial_branches": 0, "covered_branches": 0, "missing_branches": 0, "percent_branches_covered": 100.0, "percent_branches_covered_display": "100"}, "missing_lines": [20, 21, 22, 24], "excluded_lines": [], "start_line": 19, "executed_branches": [], "missing_branches": []}, "metrics": {"executed_lines": [], "summary": {"covered_lines": 0, "num_statements": 1, "percent_covered": 0.0, "percent_covered_display": "0", "missing_lines": 1, "excluded_lines": 0, "percent_statements_covered": 0.0, "percent_statements_covered_display": "0", "num_branches": 0, "num_partial_branches": 0, "covered_branches": 0, "missing_branches": 0, "percent_branches_covered": 100.0, "percent_branches_covered_display": "100"}, "missing_lines": [33], "excluded_lines": [], "start_line": 32, "executed_branches": [], "missing_branches": []}, "": {"executed_lines": [], "summary": {"covered_lines": 0, "num_statements": 11, "percent_covered": 0.0, "percent_covered_display": "0", "missing_lines": 11, "excluded_lines": 0, "percent_statements_covered": 0.0, "percent_statements_covered_display": "0", "num_branches": 0, "num_partial_branches": 0, "covered_branches": 0, "missing_branches": 0, "percent_branches_covered": 100.0, "percent_branches_covered_display": "100"}, "missing_lines": [3, 5, 6, 8, 10, 13, 14, 18, 19, 31, 32], "excluded_lines": [], "start_line": 1, "executed_branches": [], "missing_branches": []}}, "classes": {"": {"executed_lines": [], "summary": {"covered_lines": 0, "num_statements": 17, "percent_covered": 0.0, "percent_covered_display": "0", "missing_lines": 17, "excluded_lines": 0, "percent_statements_covered": 0.0, "percent_statements_covered_display": "0", "num_branches": 0, "num_partial_branches": 0, "covered_branches": 0, "missing_branches": 0, "percent_branches_covered": 100.0, "percent_branches_covered_display": "100"}, "missing_lines": [3, 5, 6, 8, 10, 13, 14, 15, 18, 19, 20, 21, 22, 24, 31, 32, 33], "excluded_lines": [], "start_line": 1, "executed_branches": [], "missing_branches": []}}}, "src/api/routers/shopee_admin.py": {"executed_lines": [], "summary": {"covered_lines": 0, "num_statements": 36, "percent_covered": 0.0, "percent_covered_display": "0", "missing_lines": 36, "excluded_lines": 0, "percent_statements_covered": 0.0, "percent_statements_covered_display": "0", "num_branches": 4, "num_partial_branches": 0, "covered_branches": 0, "missing_branches": 4, "percent_branches_covered": 0.0, "percent_branches_covered_display": "0"}, "missing_lines": [3, 5, 6, 8, 9, 17, 18, 19, 21, 22, 25, 26, 31, 32, 35, 36, 43, 44, 45, 46, 47, 48, 58, 59, 72, 73, 75, 76, 81, 82, 83, 84, 85, 86, 91, 92], "excluded_lines": [], "executed_branches": [], "missing_branches": [[72, 73], [72, 75], [75, 76], [75, 81]], "functions": {"auth_status_endpoint": {"executed_lines": [], "summary": {"covered_lines": 0, "num_statements": 2, "percent_covered": 0.0, "percent_covered_display": "0", "missing_lines": 2, "excluded_lines": 0, "percent_statements_covered": 0.0, "percent_statements_covered_display": "0", "num_branches": 0, "num_partial_branches": 0, "covered_branches": 0, "missing_branches": 0, "percent_branches_covered": 100.0, "percent_branches_covered_display": "100"}, "missing_lines": [31, 32], "excluded_lines": [], "start_line": 26, "executed_branches": [], "missing_branches": []}, "auth_url_endpoint": {"executed_lines": [], "summary": {"covered_lines": 0, "num_statements": 6, "percent_covered": 0.0, "percent_covered_display": "0", "missing_lines": 6, "excluded_lines": 0, "percent_statements_covered": 0.0, "percent_statements_covered_display": "0", "num_branches": 0, "num_partial_branches": 0, "covered_branches": 0, "missing_branches": 0, "percent_branches_covered": 100.0, "percent_branches_covered_display": "100"}, "missing_lines": [43, 44, 45, 46, 47, 48], "excluded_lines": [], "start_line": 36, "executed_branches": [], "missing_branches": []}, "oauth_callback": {"executed_lines": [], "summary": {"covered_lines": 0, "num_statements": 12, "percent_covered": 0.0, "percent_covered_display": "0", "missing_lines": 12, "excluded_lines": 0, "percent_statements_covered": 0.0, "percent_statements_covered_display": "0", "num_branches": 4, "num_partial_branches": 0, "covered_branches": 0, "missing_branches": 4, "percent_branches_covered": 0.0, "percent_branches_covered_display": "0"}, "missing_lines": [72, 73, 75, 76, 81, 82, 83, 84, 85, 86, 91, 92], "excluded_lines": [], "start_line": 59, "executed_branches": [], "missing_branches": [[72, 73], [72, 75], [75, 76], [75, 81]]}, "": {"executed_lines": [], "summary": {"covered_lines": 0, "num_statements": 16, "percent_covered": 0.0, "percent_covered_display": "0", "missing_lines": 16, "excluded_lines": 0, "percent_statements_covered": 0.0, "percent_statements_covered_display": "0", "num_branches": 0, "num_partial_branches": 0, "covered_branches": 0, "missing_branches": 0, "percent_branches_covered": 100.0, "percent_branches_covered_display": "100"}, "missing_lines": [3, 5, 6, 8, 9, 17, 18, 19, 21, 22, 25, 26, 35, 36, 58, 59], "excluded_lines": [], "start_line": 1, "executed_branches": [], "missing_branches": []}}, "classes": {"": {"executed_lines": [], "summary": {"covered_lines": 0, "num_statements": 36, "percent_covered": 0.0, "percent_covered_display": "0", "missing_lines": 36, "excluded_lines": 0, "percent_statements_covered": 0.0, "percent_statements_covered_display": "0", "num_branches": 4, "num_partial_branches": 0, "covered_branches": 0, "missing_branches": 4, "percent_branches_covered": 0.0, "percent_branches_covered_display": "0"}, "missing_lines": [3, 5, 6, 8, 9, 17, 18, 19, 21, 22, 25, 26, 31, 32, 35, 36, 43, 44, 45, 46, 47, 48, 58, 59, 72, 73, 75, 76, 81, 82, 83, 84, 85, 86, 91, 92], "excluded_lines": [], "start_line": 1, "executed_branches": [], "missing_branches": [[72, 73], [72, 75], [75, 76], [75, 81]]}}}, "src/api/routers/webhooks.py": {"executed_lines": [3, 5, 6, 8, 9, 11, 12, 13, 14, 15, 16, 17, 18, 26, 27, 29, 32, 40, 41, 42, 43, 44, 45, 46, 49, 53, 54, 55, 56, 57, 58, 61, 62], "summary": {"covered_lines": 33, "num_statements": 71, "percent_covered": 40.74074074074074, "percent_covered_display": "41", "missing_lines": 38, "excluded_lines": 2, "percent_statements_covered": 46.478873239436616, "percent_statements_covered_display": "46", "num_branches": 10, "num_partial_branches": 0, "covered_branches": 0, "missing_branches": 10, "percent_branches_covered": 0.0, "percent_branches_covered_display": "0"}, "missing_lines": [68, 69, 71, 72, 73, 75, 76, 77, 88, 89, 91, 92, 93, 94, 95, 96, 97, 108, 109, 111, 112, 114, 117, 130, 131, 132, 133, 134, 136, 145, 146, 148, 161, 163, 164, 166, 168, 170], "excluded_lines": [23, 24], "executed_branches": [], "missing_branches": [[71, 72], [71, 75], [75, 76], [75, 91], [114, 117], [114, 136], [131, 132], [131, 133], [163, 164], [163, 166]], "functions": {"_is_replay": {"executed_lines": [40, 41, 42, 43, 44, 45, 46], "summary": {"covered_lines": 7, "num_statements": 7, "percent_covered": 100.0, "percent_covered_display": "100", "missing_lines": 0, "excluded_lines": 0, "percent_statements_covered": 100.0, "percent_statements_covered_display": "100", "num_branches": 0, "num_partial_branches": 0, "covered_branches": 0, "missing_branches": 0, "percent_branches_covered": 100.0, "percent_branches_covered_display": "100"}, "missing_lines": [], "excluded_lines": [], "start_line": 32, "executed_branches": [], "missing_branches": []}, "_mark_processed": {"executed_lines": [53, 54, 55, 56, 57, 58], "summary": {"covered_lines": 6, "num_statements": 6, "percent_covered": 100.0, "percent_covered_display": "100", "missing_lines": 0, "excluded_lines": 0, "percent_statements_covered": 100.0, "percent_statements_covered_display": "100", "num_branches": 0, "num_partial_branches": 0, "covered_branches": 0, "missing_branches": 0, "percent_branches_covered": 100.0, "percent_branches_covered_display": "100"}, "missing_lines": [], "excluded_lines": [], "start_line": 49, "executed_branches": [], "missing_branches": []}, "shopee_webhook": {"executed_lines": [], "summary": {"covered_lines": 0, "num_statements": 38, "percent_covered": 0.0, "percent_covered_display": "0", "missing_lines": 38, "excluded_lines": 0, "percent_statements_covered": 0.0, "percent_statements_covered_display": "0", "num_branches": 10, "num_partial_branches": 0, "covered_branches": 0, "missing_branches": 10, "percent_branches_covered": 0.0, "percent_branches_covered_display": "0"}, "missing_lines": [68, 69, 71, 72, 73, 75, 76, 77, 88, 89, 91, 92, 93, 94, 95, 96, 97, 108, 109, 111, 112, 114, 117, 130, 131, 132, 133, 134, 136, 145, 146, 148, 161, 163, 164, 166, 168, 170], "excluded_lines": [], "start_line": 62, "executed_branches": [], "missing_branches": [[71, 72], [71, 75], [75, 76], [75, 91], [114, 117], [114, 136], [131, 132], [131, 133], [163, 164], [163, 166]]}, "": {"executed_lines": [3, 5, 6, 8, 9, 11, 12, 13, 14, 15, 16, 17, 18, 26, 27, 29, 32, 49, 61, 62], "summary": {"covered_lines": 20, "num_statements": 20, "percent_covered": 100.0, "percent_covered_display": "100", "missing_lines": 0, "excluded_lines": 2, "percent_statements_covered": 100.0, "percent_statements_covered_display": "100", "num_branches": 0, "num_partial_branches": 0, "covered_branches": 0, "missing_branches": 0, "percent_branches_covered": 100.0, "percent_branches_covered_display": "100"}, "missing_lines": [], "excluded_lines": [23, 24], "start_line": 1, "executed_branches": [], "missing_branches": []}}, "classes": {"": {"executed_lines": [3, 5, 6, 8, 9, 11, 12, 13, 14, 15, 16, 17, 18, 26, 27, 29, 32, 40, 41, 42, 43, 44, 45, 46, 49, 53, 54, 55, 56, 57, 58, 61, 62], "summary": {"covered_lines": 33, "num_statements": 71, "percent_covered": 40.74074074074074, "percent_covered_display": "41", "missing_lines": 38, "excluded_lines": 2, "percent_statements_covered": 46.478873239436616, "percent_statements_covered_display": "46", "num_branches": 10, "num_partial_branches": 0, "covered_branches": 0, "missing_branches": 10, "percent_branches_covered": 0.0, "percent_branches_covered_display": "0"}, "missing_lines": [68, 69, 71, 72, 73, 75, 76, 77, 88, 89, 91, 92, 93, 94, 95, 96, 97, 108, 109, 111, 112, 114, 117, 130, 131, 132, 133, 134, 136, 145, 146, 148, 161, 163, 164, 166, 168, 170], "excluded_lines": [23, 24], "start_line": 1, "executed_branches": [], "missing_branches": [[71, 72], [71, 75], [75, 76], [75, 91], [114, 117], [114, 136], [131, 132], [131, 133], [163, 164], [163, 166]]}}}, "src/connectors/__init__.py": {"executed_lines": [], "summary": {"covered_lines": 0, "num_statements": 0, "percent_covered": 100.0, "percent_covered_display": "100", "missing_lines": 0, "excluded_lines": 0, "percent_statements_covered": 100.0, "percent_statements_covered_display": "100", "num_branches": 0, "num_partial_branches": 0, "covered_branches": 0, "missing_branches": 0, "percent_branches_covered": 100.0, "percent_branches_covered_display": "100"}, "missing_lines": [], "excluded_lines": [], "executed_branches": [], "missing_branches": [], "functions": {"": {"executed_lines": [], "summary": {"covered_lines": 0, "num_statements": 0, "percent_covered": 100.0, "percent_covered_display": "100", "missing_lines": 0, "excluded_lines": 0, "percent_statements_covered": 100.0, "percent_statements_covered_display": "100", "num_branches": 0, "num_partial_branches": 0, "covered_branches": 0, "missing_branches": 0, "percent_branches_covered": 100.0, "percent_branches_covered_display": "100"}, "missing_lines": [], "excluded_lines": [], "start_line": 1, "executed_branches": [], "missing_branches": []}}, "classes": {"": {"executed_lines": [], "summary": {"covered_lines": 0, "num_statements": 0, "percent_covered": 100.0, "percent_covered_display": "100", "missing_lines": 0, "excluded_lines": 0, "percent_statements_covered": 100.0, "percent_statements_covered_display": "100", "num_branches": 0, "num_partial_branches": 0, "covered_branches": 0, "missing_branches": 0, "percent_branches_covered": 100.0, "percent_branches_covered_display": "100"}, "missing_lines": [], "excluded_lines": [], "start_line": 1, "executed_branches": [], "missing_branches": []}}}, "src/connectors/base.py": {"executed_lines": [3, 5, 6, 15, 16], "summary": {"covered_lines": 5, "num_statements": 5, "percent_covered": 100.0, "percent_covered_display": "100", "missing_lines": 0, "excluded_lines": 12, "percent_statements_covered": 100.0, "percent_statements_covered_display": "100", "num_branches": 0, "num_partial_branches": 0, "covered_branches": 0, "missing_branches": 0, "percent_branches_covered": 100.0, "percent_branches_covered_display": "100"}, "missing_lines": [], "excluded_lines": [8, 9, 10, 12, 18, 19, 21, 22, 24, 25, 27, 28], "executed_branches": [], "missing_branches": [], "functions": {"BaseConnector.get_order_detail": {"executed_lines": [], "summary": {"covered_lines": 0, "num_statements": 0, "percent_covered": 100.0, "percent_covered_display": "100", "missing_lines": 0, "excluded_lines": 1, "percent_statements_covered": 100.0, "percent_statements_covered_display": "100", "num_branches": 0, "num_partial_branches": 0, "covered_branches": 0, "missing_branches": 0, "percent_branches_covered": 100.0, "percent_branches_covered_display": "100"}, "missing_lines": [], "excluded_lines": [19], "start_line": 19, "executed_branches": [], "missing_branches": []}, "BaseConnector.get_orders_by_date": {"executed_lines": [], "summary": {"covered_lines": 0, "num_statements": 0, "percent_covered": 100.0, "percent_covered_display": "100", "missing_lines": 0, "excluded_lines": 1, "percent_statements_covered": 100.0, "percent_statements_covered_display": "100", "num_branches": 0, "num_partial_branches": 0, "covered_branches": 0, "missing_branches": 0, "percent_branches_covered": 100.0, "percent_branches_covered_display": "100"}, "missing_lines": [], "excluded_lines": [22], "start_line": 22, "executed_branches": [], "missing_branches": []}, "BaseConnector.update_stock": {"executed_lines": [], "summary": {"covered_lines": 0, "num_statements": 0, "percent_covered": 100.0, "percent_covered_display": "100", "missing_lines": 0, "excluded_lines": 1, "percent_statements_covered": 100.0, "percent_statements_covered_display": "100", "num_branches": 0, "num_partial_branches": 0, "covered_branches": 0, "missing_branches": 0, "percent_branches_covered": 100.0, "percent_branches_covered_display": "100"}, "missing_lines": [], "excluded_lines": [25], "start_line": 25, "executed_branches": [], "missing_branches": []}, "BaseConnector.confirm_shipment": {"executed_lines": [], "summary": {"covered_lines": 0, "num_statements": 0, "percent_covered": 100.0, "percent_covered_display": "100", "missing_lines": 0, "excluded_lines": 1, "percent_statements_covered": 100.0, "percent_statements_covered_display": "100", "num_branches": 0, "num_partial_branches": 0, "covered_branches": 0, "missing_branches": 0, "percent_branches_covered": 100.0, "percent_branches_covered_display": "100"}, "missing_lines": [], "excluded_lines": [28], "start_line": 28, "executed_branches": [], "missing_branches": []}, "": {"executed_lines": [3, 5, 6, 15, 16], "summary": {"covered_lines": 5, "num_statements": 5, "percent_covered": 100.0, "percent_covered_display": "100", "missing_lines": 0, "excluded_lines": 8, "percent_statements_covered": 100.0, "percent_statements_covered_display": "100", "num_branches": 0, "num_partial_branches": 0, "covered_branches": 0, "missing_branches": 0, "percent_branches_covered": 100.0, "percent_branches_covered_display": "100"}, "missing_lines": [], "excluded_lines": [8, 9, 10, 12, 18, 21, 24, 27], "start_line": 1, "executed_branches": [], "missing_branches": []}}, "classes": {"BaseConnector": {"executed_lines": [], "summary": {"covered_lines": 0, "num_statements": 0, "percent_covered": 100.0, "percent_covered_display": "100", "missing_lines": 0, "excluded_lines": 4, "percent_statements_covered": 100.0, "percent_statements_covered_display": "100", "num_branches": 0, "num_partial_branches": 0, "covered_branches": 0, "missing_branches": 0, "percent_branches_covered": 100.0, "percent_branches_covered_display": "100"}, "missing_lines": [], "excluded_lines": [19, 22, 25, 28], "start_line": 15, "executed_branches": [], "missing_branches": []}, "": {"executed_lines": [3, 5, 6, 15, 16], "summary": {"covered_lines": 5, "num_statements": 5, "percent_covered": 100.0, "percent_covered_display": "100", "missing_lines": 0, "excluded_lines": 8, "percent_statements_covered": 100.0, "percent_statements_covered_display": "100", "num_branches": 0, "num_partial_branches": 0, "covered_branches": 0, "missing_branches": 0, "percent_branches_covered": 100.0, "percent_branches_covered_display": "100"}, "missing_lines": [], "excluded_lines": [8, 9, 10, 12, 18, 21, 24, 27], "start_line": 1, "executed_branches": [], "missing_branches": []}}}, "src/connectors/shopee/__init__.py": {"executed_lines": [3, 5], "summary": {"covered_lines": 2, "num_statements": 2, "percent_covered": 100.0, "percent_covered_display": "100", "missing_lines": 0, "excluded_lines": 0, "percent_statements_covered": 100.0, "percent_statements_covered_display": "100", "num_branches": 0, "num_partial_branches": 0, "covered_branches": 0, "missing_branches": 0, "percent_branches_covered": 100.0, "percent_branches_covered_display": "100"}, "missing_lines": [], "excluded_lines": [], "executed_branches": [], "missing_branches": [], "functions": {"": {"executed_lines": [3, 5], "summary": {"covered_lines": 2, "num_statements": 2, "percent_covered": 100.0, "percent_covered_display": "100", "missing_lines": 0, "excluded_lines": 0, "percent_statements_covered": 100.0, "percent_statements_covered_display": "100", "num_branches": 0, "num_partial_branches": 0, "covered_branches": 0, "missing_branches": 0, "percent_branches_covered": 100.0, "percent_branches_covered_display": "100"}, "missing_lines": [], "excluded_lines": [], "start_line": 1, "executed_branches": [], "missing_branches": []}}, "classes": {"": {"executed_lines": [3, 5], "summary": {"covered_lines": 2, "num_statements": 2, "percent_covered": 100.0, "percent_covered_display": "100", "missing_lines": 0, "excluded_lines": 0, "percent_statements_covered": 100.0, "percent_statements_covered_display": "100", "num_branches": 0, "num_partial_branches": 0, "covered_branches": 0, "missing_branches": 0, "percent_branches_covered": 100.0, "percent_branches_covered_display": "100"}, "missing_lines": [], "excluded_lines": [], "start_line": 1, "executed_branches": [], "missing_branches": []}}}, "src/connectors/shopee/auth.py": {"executed_lines": [3, 5, 6, 8, 10, 11, 12, 13, 15, 17, 18, 21, 25, 33, 45, 58], "summary": {"covered_lines": 16, "num_statements": 55, "percent_covered": 23.880597014925375, "percent_covered_display": "24", "missing_lines": 39, "excluded_lines": 0, "percent_statements_covered": 29.09090909090909, "percent_statements_covered_display": "29", "num_branches": 12, "num_partial_branches": 0, "covered_branches": 0, "missing_branches": 12, "percent_branches_covered": 0.0, "percent_branches_covered_display": "0"}, "missing_lines": [22, 26, 27, 28, 29, 30, 34, 35, 36, 37, 42, 52, 53, 54, 55, 60, 61, 62, 63, 65, 66, 67, 68, 69, 70, 72, 73, 74, 76, 82, 87, 88, 101, 103, 104, 106, 107, 108, 110], "excluded_lines": [], "executed_branches": [], "missing_branches": [[28, 29], [28, 30], [36, 37], [36, 42], [63, 65], [63, 72], [65, 66], [65, 70], [68, 65], [68, 69], [103, 104], [103, 106]], "functions": {"_key": {"executed_lines": [], "summary": {"covered_lines": 0, "num_statements": 1, "percent_covered": 0.0, "percent_covered_display": "0", "missing_lines": 1, "excluded_lines": 0, "percent_statements_covered": 0.0, "percent_statements_covered_display": "0", "num_branches": 0, "num_partial_branches": 0, "covered_branches": 0, "missing_branches": 0, "percent_branches_covered": 100.0, "percent_branches_covered_display": "100"}, "missing_lines": [22], "excluded_lines": [], "start_line": 21, "executed_branches": [], "missing_branches": []}, "get_access_token": {"executed_lines": [], "summary": {"covered_lines": 0, "num_statements": 5, "percent_covered": 0.0, "percent_covered_display": "0", "missing_lines": 5, "excluded_lines": 0, "percent_statements_covered": 0.0, "percent_statements_covered_display": "0", "num_branches": 2, "num_partial_branches": 0, "covered_branches": 0, "missing_branches": 2, "percent_branches_covered": 0.0, "percent_branches_covered_display": "0"}, "missing_lines": [26, 27, 28, 29, 30], "excluded_lines": [], "start_line": 25, "executed_branches": [], "missing_branches": [[28, 29], [28, 30]]}, "get_refresh_token": {"executed_lines": [], "summary": {"covered_lines": 0, "num_statements": 5, "percent_covered": 0.0, "percent_covered_display": "0", "missing_lines": 5, "excluded_lines": 0, "percent_statements_covered": 0.0, "percent_statements_covered_display": "0", "num_branches": 2, "num_partial_branches": 0, "covered_branches": 0, "missing_branches": 2, "percent_branches_covered": 0.0, "percent_branches_covered_display": "0"}, "missing_lines": [34, 35, 36, 37, 42], "excluded_lines": [], "start_line": 33, "executed_branches": [], "missing_branches": [[36, 37], [36, 42]]}, "store_tokens": {"executed_lines": [], "summary": {"covered_lines": 0, "num_statements": 4, "percent_covered": 0.0, "percent_covered_display": "0", "missing_lines": 4, "excluded_lines": 0, "percent_statements_covered": 0.0, "percent_statements_covered_display": "0", "num_branches": 0, "num_partial_branches": 0, "covered_branches": 0, "missing_branches": 0, "percent_branches_covered": 100.0, "percent_branches_covered_display": "100"}, "missing_lines": [52, 53, 54, 55], "excluded_lines": [], "start_line": 45, "executed_branches": [], "missing_branches": []}, "refresh": {"executed_lines": [], "summary": {"covered_lines": 0, "num_statements": 24, "percent_covered": 0.0, "percent_covered_display": "0", "missing_lines": 24, "excluded_lines": 0, "percent_statements_covered": 0.0, "percent_statements_covered_display": "0", "num_branches": 8, "num_partial_branches": 0, "covered_branches": 0, "missing_branches": 8, "percent_branches_covered": 0.0, "percent_branches_covered_display": "0"}, "missing_lines": [60, 61, 62, 63, 65, 66, 67, 68, 69, 70, 72, 73, 74, 76, 82, 87, 88, 101, 103, 104, 106, 107, 108, 110], "excluded_lines": [], "start_line": 58, "executed_branches": [], "missing_branches": [[63, 65], [63, 72], [65, 66], [65, 70], [68, 65], [68, 69], [103, 104], [103, 106]]}, "": {"executed_lines": [3, 5, 6, 8, 10, 11, 12, 13, 15, 17, 18, 21, 25, 33, 45, 58], "summary": {"covered_lines": 16, "num_statements": 16, "percent_covered": 100.0, "percent_covered_display": "100", "missing_lines": 0, "excluded_lines": 0, "percent_statements_covered": 100.0, "percent_statements_covered_display": "100", "num_branches": 0, "num_partial_branches": 0, "covered_branches": 0, "missing_branches": 0, "percent_branches_covered": 100.0, "percent_branches_covered_display": "100"}, "missing_lines": [], "excluded_lines": [], "start_line": 1, "executed_branches": [], "missing_branches": []}}, "classes": {"": {"executed_lines": [3, 5, 6, 8, 10, 11, 12, 13, 15, 17, 18, 21, 25, 33, 45, 58], "summary": {"covered_lines": 16, "num_statements": 55, "percent_covered": 23.880597014925375, "percent_covered_display": "24", "missing_lines": 39, "excluded_lines": 0, "percent_statements_covered": 29.09090909090909, "percent_statements_covered_display": "29", "num_branches": 12, "num_partial_branches": 0, "covered_branches": 0, "missing_branches": 12, "percent_branches_covered": 0.0, "percent_branches_covered_display": "0"}, "missing_lines": [22, 26, 27, 28, 29, 30, 34, 35, 36, 37, 42, 52, 53, 54, 55, 60, 61, 62, 63, 65, 66, 67, 68, 69, 70, 72, 73, 74, 76, 82, 87, 88, 101, 103, 104, 106, 107, 108, 110], "excluded_lines": [], "start_line": 1, "executed_branches": [], "missing_branches": [[28, 29], [28, 30], [36, 37], [36, 42], [63, 65], [63, 72], [65, 66], [65, 70], [68, 65], [68, 69], [103, 104], [103, 106]]}}}, "src/connectors/shopee/client.py": {"executed_lines": [3, 5, 6, 8, 10, 11, 12, 13, 14, 15, 20, 30, 32, 40, 41, 43, 50, 53, 56, 59, 118, 134, 170, 228, 268], "summary": {"covered_lines": 25, "num_statements": 127, "percent_covered": 16.129032258064516, "percent_covered_display": "16", "missing_lines": 102, "excluded_lines": 3, "percent_statements_covered": 19.68503937007874, "percent_statements_covered_display": "20", "num_branches": 28, "num_partial_branches": 0, "covered_branches": 0, "missing_branches": 28, "percent_branches_covered": 0.0, "percent_branches_covered_display": "0"}, "missing_lines": [44, 45, 46, 47, 48, 51, 54, 57, 68, 69, 70, 77, 82, 83, 84, 85, 86, 88, 89, 90, 91, 92, 93, 94, 95, 96, 97, 98, 99, 100, 101, 103, 104, 105, 111, 113, 114, 115, 116, 119, 127, 128, 129, 130, 132, 135, 137, 138, 139, 140, 141, 142, 153, 154, 155, 156, 164, 165, 166, 167, 168, 175, 177, 178, 179, 184, 185, 186, 187, 188, 189, 194, 195, 196, 197, 198, 199, 201, 210, 211, 216, 217, 218, 219, 225, 226, 231, 232, 233, 234, 235, 236, 241, 250, 251, 256, 257, 258, 259, 265, 266, 269], "excluded_lines": [22, 23, 25], "executed_branches": [], "missing_branches": [[82, 83], [82, 85], [85, 86], [85, 88], [90, 91], [90, 93], [95, 96], [95, 101], [96, 97], [96, 98], [98, 99], [98, 100], [128, 129], [128, 130], [155, 156], [155, 166], [164, 165], [164, 166], [166, 167], [166, 168], [178, 179], [178, 184], [195, 196], [195, 201], [218, 219], [218, 226], [258, 259], [258, 266]], "functions": {"ShopeeConnector.__init__": {"executed_lines": [], "summary": {"covered_lines": 0, "num_statements": 5, "percent_covered": 0.0, "percent_covered_display": "0", "missing_lines": 5, "excluded_lines": 0, "percent_statements_covered": 0.0, "percent_statements_covered_display": "0", "num_branches": 0, "num_partial_branches": 0, "covered_branches": 0, "missing_branches": 0, "percent_branches_covered": 100.0, "percent_branches_covered_display": "100"}, "missing_lines": [44, 45, 46, 47, 48], "excluded_lines": [], "start_line": 43, "executed_branches": [], "missing_branches": []}, "ShopeeConnector.aclose": {"executed_lines": [], "summary": {"covered_lines": 0, "num_statements": 1, "percent_covered": 0.0, "percent_covered_display": "0", "missing_lines": 1, "excluded_lines": 0, "percent_statements_covered": 0.0, "percent_statements_covered_display": "0", "num_branches": 0, "num_partial_branches": 0, "covered_branches": 0, "missing_branches": 0, "percent_branches_covered": 100.0, "percent_branches_covered_display": "100"}, "missing_lines": [51], "excluded_lines": [], "start_line": 50, "executed_branches": [], "missing_branches": []}, "ShopeeConnector.__aenter__": {"executed_lines": [], "summary": {"covered_lines": 0, "num_statements": 1, "percent_covered": 0.0, "percent_covered_display": "0", "missing_lines": 1, "excluded_lines": 0, "percent_statements_covered": 0.0, "percent_statements_covered_display": "0", "num_branches": 0, "num_partial_branches": 0, "covered_branches": 0, "missing_branches": 0, "percent_branches_covered": 100.0, "percent_branches_covered_display": "100"}, "missing_lines": [54], "excluded_lines": [], "start_line": 53, "executed_branches": [], "missing_branches": []}, "ShopeeConnector.__aexit__": {"executed_lines": [], "summary": {"covered_lines": 0, "num_statements": 1, "percent_covered": 0.0, "percent_covered_display": "0", "missing_lines": 1, "excluded_lines": 0, "percent_statements_covered": 0.0, "percent_statements_covered_display": "0", "num_branches": 0, "num_partial_branches": 0, "covered_branches": 0, "missing_branches": 0, "percent_branches_covered": 100.0, "percent_branches_covered_display": "100"}, "missing_lines": [57], "excluded_lines": [], "start_line": 56, "executed_branches": [], "missing_branches": []}, "ShopeeConnector._request": {"executed_lines": [], "summary": {"covered_lines": 0, "num_statements": 9, "percent_covered": 0.0, "percent_covered_display": "0", "missing_lines": 9, "excluded_lines": 0, "percent_statements_covered": 0.0, "percent_statements_covered_display": "0", "num_branches": 0, "num_partial_branches": 0, "covered_branches": 0, "missing_branches": 0, "percent_branches_covered": 100.0, "percent_branches_covered_display": "100"}, "missing_lines": [68, 103, 104, 105, 111, 113, 114, 115, 116], "excluded_lines": [], "start_line": 59, "executed_branches": [], "missing_branches": []}, "ShopeeConnector._request._do": {"executed_lines": [], "summary": {"covered_lines": 0, "num_statements": 22, "percent_covered": 0.0, "percent_covered_display": "0", "missing_lines": 22, "excluded_lines": 0, "percent_statements_covered": 0.0, "percent_statements_covered_display": "0", "num_branches": 12, "num_partial_branches": 0, "covered_branches": 0, "missing_branches": 12, "percent_branches_covered": 0.0, "percent_branches_covered_display": "0"}, "missing_lines": [69, 70, 77, 82, 83, 84, 85, 86, 88, 89, 90, 91, 92, 93, 94, 95, 96, 97, 98, 99, 100, 101], "excluded_lines": [], "start_line": 68, "executed_branches": [], "missing_branches": [[82, 83], [82, 85], [85, 86], [85, 88], [90, 91], [90, 93], [95, 96], [95, 101], [96, 97], [96, 98], [98, 99], [98, 100]]}, "ShopeeConnector.get_order_detail": {"executed_lines": [], "summary": {"covered_lines": 0, "num_statements": 6, "percent_covered": 0.0, "percent_covered_display": "0", "missing_lines": 6, "excluded_lines": 0, "percent_statements_covered": 0.0, "percent_statements_covered_display": "0", "num_branches": 2, "num_partial_branches": 0, "covered_branches": 0, "missing_branches": 2, "percent_branches_covered": 0.0, "percent_branches_covered_display": "0"}, "missing_lines": [119, 127, 128, 129, 130, 132], "excluded_lines": [], "start_line": 118, "executed_branches": [], "missing_branches": [[128, 129], [128, 130]]}, "ShopeeConnector.get_orders_by_date": {"executed_lines": [], "summary": {"covered_lines": 0, "num_statements": 16, "percent_covered": 0.0, "percent_covered_display": "0", "missing_lines": 16, "excluded_lines": 0, "percent_statements_covered": 0.0, "percent_statements_covered_display": "0", "num_branches": 6, "num_partial_branches": 0, "covered_branches": 0, "missing_branches": 6, "percent_branches_covered": 0.0, "percent_branches_covered_display": "0"}, "missing_lines": [135, 137, 138, 139, 140, 141, 142, 153, 154, 155, 156, 164, 165, 166, 167, 168], "excluded_lines": [], "start_line": 134, "executed_branches": [], "missing_branches": [[155, 156], [155, 166], [164, 165], [164, 166], [166, 167], [166, 168]]}, "ShopeeConnector.update_stock": {"executed_lines": [], "summary": {"covered_lines": 0, "num_statements": 25, "percent_covered": 0.0, "percent_covered_display": "0", "missing_lines": 25, "excluded_lines": 0, "percent_statements_covered": 0.0, "percent_statements_covered_display": "0", "num_branches": 6, "num_partial_branches": 0, "covered_branches": 0, "missing_branches": 6, "percent_branches_covered": 0.0, "percent_branches_covered_display": "0"}, "missing_lines": [175, 177, 178, 179, 184, 185, 186, 187, 188, 189, 194, 195, 196, 197, 198, 199, 201, 210, 211, 216, 217, 218, 219, 225, 226], "excluded_lines": [], "start_line": 170, "executed_branches": [], "missing_branches": [[178, 179], [178, 184], [195, 196], [195, 201], [218, 219], [218, 226]]}, "ShopeeConnector.update_price": {"executed_lines": [], "summary": {"covered_lines": 0, "num_statements": 15, "percent_covered": 0.0, "percent_covered_display": "0", "missing_lines": 15, "excluded_lines": 0, "percent_statements_covered": 0.0, "percent_statements_covered_display": "0", "num_branches": 2, "num_partial_branches": 0, "covered_branches": 0, "missing_branches": 2, "percent_branches_covered": 0.0, "percent_branches_covered_display": "0"}, "missing_lines": [231, 232, 233, 234, 235, 236, 241, 250, 251, 256, 257, 258, 259, 265, 266], "excluded_lines": [], "start_line": 228, "executed_branches": [], "missing_branches": [[258, 259], [258, 266]]}, "ShopeeConnector.confirm_shipment": {"executed_lines": [], "summary": {"covered_lines": 0, "num_statements": 1, "percent_covered": 0.0, "percent_covered_display": "0", "missing_lines": 1, "excluded_lines": 0, "percent_statements_covered": 0.0, "percent_statements_covered_display": "0", "num_branches": 0, "num_partial_branches": 0, "covered_branches": 0, "missing_branches": 0, "percent_branches_covered": 100.0, "percent_branches_covered_display": "100"}, "missing_lines": [269], "excluded_lines": [], "start_line": 268, "executed_branches": [], "missing_branches": []}, "": {"executed_lines": [3, 5, 6, 8, 10, 11, 12, 13, 14, 15, 20, 30, 32, 40, 41, 43, 50, 53, 56, 59, 118, 134, 170, 228, 268], "summary": {"covered_lines": 25, "num_statements": 25, "percent_covered": 100.0, "percent_covered_display": "100", "missing_lines": 0, "excluded_lines": 3, "percent_statements_covered": 100.0, "percent_statements_covered_display": "100", "num_branches": 0, "num_partial_branches": 0, "covered_branches": 0, "missing_branches": 0, "percent_branches_covered": 100.0, "percent_branches_covered_display": "100"}, "missing_lines": [], "excluded_lines": [22, 23, 25], "start_line": 1, "executed_branches": [], "missing_branches": []}}, "classes": {"ShopeeConnector": {"executed_lines": [], "summary": {"covered_lines": 0, "num_statements": 102, "percent_covered": 0.0, "percent_covered_display": "0", "missing_lines": 102, "excluded_lines": 0, "percent_statements_covered": 0.0, "percent_statements_covered_display": "0", "num_branches": 28, "num_partial_branches": 0, "covered_branches": 0, "missing_branches": 28, "percent_branches_covered": 0.0, "percent_branches_covered_display": "0"}, "missing_lines": [44, 45, 46, 47, 48, 51, 54, 57, 68, 69, 70, 77, 82, 83, 84, 85, 86, 88, 89, 90, 91, 92, 93, 94, 95, 96, 97, 98, 99, 100, 101, 103, 104, 105, 111, 113, 114, 115, 116, 119, 127, 128, 129, 130, 132, 135, 137, 138, 139, 140, 141, 142, 153, 154, 155, 156, 164, 165, 166, 167, 168, 175, 177, 178, 179, 184, 185, 186, 187, 188, 189, 194, 195, 196, 197, 198, 199, 201, 210, 211, 216, 217, 218, 219, 225, 226, 231, 232, 233, 234, 235, 236, 241, 250, 251, 256, 257, 258, 259, 265, 266, 269], "excluded_lines": [], "start_line": 40, "executed_branches": [], "missing_branches": [[82, 83], [82, 85], [85, 86], [85, 88], [90, 91], [90, 93], [95, 96], [95, 101], [96, 97], [96, 98], [98, 99], [98, 100], [128, 129], [128, 130], [155, 156], [155, 166], [164, 165], [164, 166], [166, 167], [166, 168], [178, 179], [178, 184], [195, 196], [195, 201], [218, 219], [218, 226], [258, 259], [258, 266]]}, "": {"executed_lines": [3, 5, 6, 8, 10, 11, 12, 13, 14, 15, 20, 30, 32, 40, 41, 43, 50, 53, 56, 59, 118, 134, 170, 228, 268], "summary": {"covered_lines": 25, "num_statements": 25, "percent_covered": 100.0, "percent_covered_display": "100", "missing_lines": 0, "excluded_lines": 3, "percent_statements_covered": 100.0, "percent_statements_covered_display": "100", "num_branches": 0, "num_partial_branches": 0, "covered_branches": 0, "missing_branches": 0, "percent_branches_covered": 100.0, "percent_branches_covered_display": "100"}, "missing_lines": [], "excluded_lines": [22, 23, 25], "start_line": 1, "executed_branches": [], "missing_branches": []}}}, "src/connectors/shopee/oauth.py": {"executed_lines": [3, 5, 6, 7, 9, 11, 12, 13, 14, 15, 16, 18, 20, 21, 24, 26, 27, 30, 31, 32, 33, 34, 37, 47, 48, 50, 51, 57, 59, 60, 61, 64, 67, 79, 89, 95, 96, 97, 98, 103, 104, 105, 106, 110, 111, 112, 114, 115, 116, 117, 123, 124, 125, 134, 142, 143, 145, 147, 154, 162, 221, 223, 224, 225, 226, 227, 228], "summary": {"covered_lines": 67, "num_statements": 107, "percent_covered": 61.15702479338843, "percent_covered_display": "61", "missing_lines": 40, "excluded_lines": 0, "percent_statements_covered": 62.61682242990654, "percent_statements_covered_display": "63", "num_branches": 14, "num_partial_branches": 1, "covered_branches": 7, "missing_branches": 7, "percent_branches_covered": 50.0, "percent_branches_covered_display": "50"}, "missing_lines": [58, 71, 73, 74, 75, 76, 81, 82, 83, 84, 85, 86, 107, 108, 166, 167, 169, 170, 171, 172, 176, 178, 182, 183, 185, 187, 188, 190, 191, 192, 193, 198, 199, 205, 206, 207, 215, 216, 217, 218], "excluded_lines": [], "executed_branches": [[47, 48], [47, 50], [57, 59], [111, 112], [111, 114], [116, 117], [116, 123]], "missing_branches": [[57, 58], [81, 82], [81, 83], [171, 172], [171, 182], [198, 199], [198, 206]], "functions": {"_base_origin": {"executed_lines": [26, 27], "summary": {"covered_lines": 2, "num_statements": 2, "percent_covered": 100.0, "percent_covered_display": "100", "missing_lines": 0, "excluded_lines": 0, "percent_statements_covered": 100.0, "percent_statements_covered_display": "100", "num_branches": 0, "num_partial_branches": 0, "covered_branches": 0, "missing_branches": 0, "percent_branches_covered": 100.0, "percent_branches_covered_display": "100"}, "missing_lines": [], "excluded_lines": [], "start_line": 24, "executed_branches": [], "missing_branches": []}, "build_auth_url": {"executed_lines": [47, 48, 50, 51, 57, 59, 60, 61], "summary": {"covered_lines": 8, "num_statements": 9, "percent_covered": 84.61538461538461, "percent_covered_display": "85", "missing_lines": 1, "excluded_lines": 0, "percent_statements_covered": 88.88888888888889, "percent_statements_covered_display": "89", "num_branches": 4, "num_partial_branches": 1, "covered_branches": 3, "missing_branches": 1, "percent_branches_covered": 75.0, "percent_branches_covered_display": "75"}, "missing_lines": [58], "excluded_lines": [], "start_line": 37, "executed_branches": [[47, 48], [47, 50], [57, 59]], "missing_branches": [[57, 58]]}, "issue_oauth_state": {"executed_lines": [], "summary": {"covered_lines": 0, "num_statements": 5, "percent_covered": 0.0, "percent_covered_display": "0", "missing_lines": 5, "excluded_lines": 0, "percent_statements_covered": 0.0, "percent_statements_covered_display": "0", "num_branches": 0, "num_partial_branches": 0, "covered_branches": 0, "missing_branches": 0, "percent_branches_covered": 100.0, "percent_branches_covered_display": "100"}, "missing_lines": [71, 73, 74, 75, 76], "excluded_lines": [], "start_line": 67, "executed_branches": [], "missing_branches": []}, "consume_oauth_state": {"executed_lines": [], "summary": {"covered_lines": 0, "num_statements": 6, "percent_covered": 0.0, "percent_covered_display": "0", "missing_lines": 6, "excluded_lines": 0, "percent_statements_covered": 0.0, "percent_statements_covered_display": "0", "num_branches": 2, "num_partial_branches": 0, "covered_branches": 0, "missing_branches": 2, "percent_branches_covered": 0.0, "percent_branches_covered_display": "0"}, "missing_lines": [81, 82, 83, 84, 85, 86], "excluded_lines": [], "start_line": 79, "executed_branches": [], "missing_branches": [[81, 82], [81, 83]]}, "exchange_code_for_tokens": {"executed_lines": [95, 96, 97, 98, 103, 104, 105, 106, 110, 111, 112, 114, 115, 116, 117, 123, 124, 125], "summary": {"covered_lines": 18, "num_statements": 20, "percent_covered": 91.66666666666667, "percent_co
[...]
: 100.0, "percent_branches_covered_display": "100"}, "missing_lines": [], "excluded_lines": [14, 15], "start_line": 1, "executed_branches": [], "missing_branches": []}}, "classes": {"": {"executed_lines": [8, 10, 12, 17, 18, 19, 22, 29, 30, 31, 34, 40, 41, 42, 43], "summary": {"covered_lines": 15, "num_statements": 15, "percent_covered": 100.0, "percent_covered_display": "100", "missing_lines": 0, "excluded_lines": 2, "percent_statements_covered": 100.0, "percent_statements_covered_display": "100", "num_branches": 4, "num_partial_branches": 0, "covered_branches": 4, "missing_branches": 0, "percent_branches_covered": 100.0, "percent_branches_covered_display": "100"}, "missing_lines": [], "excluded_lines": [14, 15], "start_line": 1, "executed_branches": [[29, 30], [29, 31], [41, 42], [41, 43]], "missing_branches": []}}}, "src/workers/scheduled.py": {"executed_lines": [], "summary": {"covered_lines": 0, "num_statements": 116, "percent_covered": 0.0, "percent_covered_display": "0", "missing_lines": 116, "excluded_lines": 0, "percent_statements_covered": 0.0, "percent_statements_covered_display": "0", "num_branches": 18, "num_partial_branches": 0, "covered_branches": 0, "missing_branches": 18, "percent_branches_covered": 0.0, "percent_branches_covered_display": "0"}, "missing_lines": [3, 5, 7, 8, 10, 11, 12, 14, 17, 18, 19, 21, 24, 25, 26, 27, 29, 30, 31, 33, 34, 40, 52, 53, 54, 59, 62, 63, 65, 68, 69, 70, 71, 72, 74, 75, 76, 77, 78, 79, 80, 81, 83, 86, 87, 88, 89, 91, 92, 94, 95, 96, 97, 99, 100, 101, 102, 103, 104, 105, 116, 117, 118, 119, 120, 121, 122, 123, 124, 125, 131, 132, 133, 134, 135, 136, 137, 138, 139, 140, 141, 142, 143, 144, 145, 156, 157, 158, 159, 165, 167, 170, 171, 172, 173, 175, 176, 178, 179, 195, 198, 199, 200, 201, 202, 203, 205, 206, 207, 208, 213, 218, 219, 220, 221, 223], "excluded_lines": [], "executed_branches": [], "missing_branches": [[52, 53], [52, 54], [88, 89], [88, 91], [119, 120], [119, 121], [122, 104], [122, 123], [124, 125], [124, 131], [136, 137], [136, 157], [138, 139], [138, 140], [142, 143], [142, 145], [172, 173], [172, 175]], "functions": {"relay_outbox": {"executed_lines": [], "summary": {"covered_lines": 0, "num_statements": 2, "percent_covered": 0.0, "percent_covered_display": "0", "missing_lines": 2, "excluded_lines": 0, "percent_statements_covered": 0.0, "percent_statements_covered_display": "0", "num_branches": 0, "num_partial_branches": 0, "covered_branches": 0, "missing_branches": 0, "percent_branches_covered": 100.0, "percent_branches_covered_display": "100"}, "missing_lines": [19, 21], "excluded_lines": [], "start_line": 18, "executed_branches": [], "missing_branches": []}, "cleanup_outbox": {"executed_lines": [], "summary": {"covered_lines": 0, "num_statements": 2, "percent_covered": 0.0, "percent_covered_display": "0", "missing_lines": 2, "excluded_lines": 0, "percent_statements_covered": 0.0, "percent_statements_covered_display": "0", "num_branches": 0, "num_partial_branches": 0, "covered_branches": 0, "missing_branches": 0, "percent_branches_covered": 100.0, "percent_branches_covered_display": "100"}, "missing_lines": [26, 65], "excluded_lines": [], "start_line": 25, "executed_branches": [], "missing_branches": []}, "cleanup_outbox._run": {"executed_lines": [], "summary": {"covered_lines": 0, "num_statements": 13, "percent_covered": 0.0, "percent_covered_display": "0", "missing_lines": 13, "excluded_lines": 0, "percent_statements_covered": 0.0, "percent_statements_covered_display": "0", "num_branches": 2, "num_partial_branches": 0, "covered_branches": 0, "missing_branches": 2, "percent_branches_covered": 0.0, "percent_branches_covered_display": "0"}, "missing_lines": [27, 29, 30, 31, 33, 34, 40, 52, 53, 54, 59, 62, 63], "excluded_lines": [], "start_line": 26, "executed_branches": [], "missing_branches": [[52, 53], [52, 54]]}, "refresh_shopee_token": {"executed_lines": [], "summary": {"covered_lines": 0, "num_statements": 2, "percent_covered": 0.0, "percent_covered_display": "0", "missing_lines": 2, "excluded_lines": 0, "percent_statements_covered": 0.0, "percent_statements_covered_display": "0", "num_branches": 0, "num_partial_branches": 0, "covered_branches": 0, "missing_branches": 0, "percent_branches_covered": 100.0, "percent_branches_covered_display": "100"}, "missing_lines": [70, 83], "excluded_lines": [], "start_line": 69, "executed_branches": [], "missing_branches": []}, "refresh_shopee_token._run": {"executed_lines": [], "summary": {"covered_lines": 0, "num_statements": 10, "percent_covered": 0.0, "percent_covered_display": "0", "missing_lines": 10, "excluded_lines": 0, "percent_statements_covered": 0.0, "percent_statements_covered_display": "0", "num_branches": 0, "num_partial_branches": 0, "covered_branches": 0, "missing_branches": 0, "percent_branches_covered": 100.0, "percent_branches_covered_display": "100"}, "missing_lines": [71, 72, 74, 75, 76, 77, 78, 79, 80, 81], "excluded_lines": [], "start_line": 70, "executed_branches": [], "missing_branches": []}, "polling_fallback": {"executed_lines": [], "summary": {"covered_lines": 0, "num_statements": 4, "percent_covered": 0.0, "percent_covered_display": "0", "missing_lines": 4, "excluded_lines": 0, "percent_statements_covered": 0.0, "percent_statements_covered_display": "0", "num_branches": 2, "num_partial_branches": 0, "covered_branches": 0, "missing_branches": 2, "percent_branches_covered": 0.0, "percent_branches_covered_display": "0"}, "missing_lines": [88, 89, 91, 167], "excluded_lines": [], "start_line": 87, "executed_branches": [], "missing_branches": [[88, 89], [88, 91]]}, "polling_fallback._run": {"executed_lines": [], "summary": {"covered_lines": 0, "num_statements": 42, "percent_covered": 0.0, "percent_covered_display": "0", "missing_lines": 42, "excluded_lines": 0, "percent_statements_covered": 0.0, "percent_statements_covered_display": "0", "num_branches": 12, "num_partial_branches": 0, "covered_branches": 0, "missing_branches": 12, "percent_branches_covered": 0.0, "percent_branches_covered_display": "0"}, "missing_lines": [92, 94, 95, 96, 97, 99, 100, 101, 102, 103, 104, 105, 116, 117, 118, 119, 120, 121, 122, 123, 124, 125, 131, 132, 133, 134, 135, 136, 137, 138, 139, 140, 141, 142, 143, 144, 145, 156, 157, 158, 159, 165], "excluded_lines": [], "start_line": 91, "executed_branches": [], "missing_branches": [[119, 120], [119, 121], [122, 104], [122, 123], [124, 125], [124, 131], [136, 137], [136, 157], [138, 139], [138, 140], [142, 143], [142, 145]]}, "run_reconciliation": {"executed_lines": [], "summary": {"covered_lines": 0, "num_statements": 4, "percent_covered": 0.0, "percent_covered_display": "0", "missing_lines": 4, "excluded_lines": 0, "percent_statements_covered": 0.0, "percent_statements_covered_display": "0", "num_branches": 2, "num_partial_branches": 0, "covered_branches": 0, "missing_branches": 2, "percent_branches_covered": 0.0, "percent_branches_covered_display": "0"}, "missing_lines": [172, 173, 175, 195], "excluded_lines": [], "start_line": 171, "executed_branches": [], "missing_branches": [[172, 173], [172, 175]]}, "run_reconciliation._run": {"executed_lines": [], "summary": {"covered_lines": 0, "num_statements": 3, "percent_covered": 0.0, "percent_covered_display": "0", "missing_lines": 3, "excluded_lines": 0, "percent_statements_covered": 0.0, "percent_statements_covered_display": "0", "num_branches": 0, "num_partial_branches": 0, "covered_branches": 0, "missing_branches": 0, "percent_branches_covered": 100.0, "percent_branches_covered_display": "100"}, "missing_lines": [176, 178, 179], "excluded_lines": [], "start_line": 175, "executed_branches": [], "missing_branches": []}, "retention_cleanup": {"executed_lines": [], "summary": {"covered_lines": 0, "num_statements": 2, "percent_covered": 0.0, "percent_covered_display": "0", "missing_lines": 2, "excluded_lines": 0, "percent_statements_covered": 0.0, "percent_statements_covered_display": "0", "num_branches": 0, "num_partial_branches": 0, "covered_branches": 0, "missing_branches": 0, "percent_branches_covered": 100.0, "percent_branches_covered_display": "100"}, "missing_lines": [200, 223], "excluded_lines": [], "start_line": 199, "executed_branches": [], "missing_branches": []}, "retention_cleanup._run": {"executed_lines": [], "summary": {"covered_lines": 0, "num_statements": 12, "percent_covered": 0.0, "percent_covered_display": "0", "missing_lines": 12, "excluded_lines": 0, "percent_statements_covered": 0.0, "percent_statements_covered_display": "0", "num_branches": 0, "num_partial_branches": 0, "covered_branches": 0, "missing_branches": 0, "percent_branches_covered": 100.0, "percent_branches_covered_display": "100"}, "missing_lines": [201, 202, 203, 205, 206, 207, 208, 213, 218, 219, 220, 221], "excluded_lines": [], "start_line": 200, "executed_branches": [], "missing_branches": []}, "": {"executed_lines": [], "summary": {"covered_lines": 0, "num_statements": 20, "percent_covered": 0.0, "percent_covered_display": "0", "missing_lines": 20, "excluded_lines": 0, "percent_statements_covered": 0.0, "percent_statements_covered_display": "0", "num_branches": 0, "num_partial_branches": 0, "covered_branches": 0, "missing_branches": 0, "percent_branches_covered": 100.0, "percent_branches_covered_display": "100"}, "missing_lines": [3, 5, 7, 8, 10, 11, 12, 14, 17, 18, 24, 25, 68, 69, 86, 87, 170, 171, 198, 199], "excluded_lines": [], "start_line": 1, "executed_branches": [], "missing_branches": []}}, "classes": {"": {"executed_lines": [], "summary": {"covered_lines": 0, "num_statements": 116, "percent_covered": 0.0, "percent_covered_display": "0", "missing_lines": 116, "excluded_lines": 0, "percent_statements_covered": 0.0, "percent_statements_covered_display": "0", "num_branches": 18, "num_partial_branches": 0, "covered_branches": 0, "missing_branches": 18, "percent_branches_covered": 0.0, "percent_branches_covered_display": "0"}, "missing_lines": [3, 5, 7, 8, 10, 11, 12, 14, 17, 18, 19, 21, 24, 25, 26, 27, 29, 30, 31, 33, 34, 40, 52, 53, 54, 59, 62, 63, 65, 68, 69, 70, 71, 72, 74, 75, 76, 77, 78, 79, 80, 81, 83, 86, 87, 88, 89, 91, 92, 94, 95, 96, 97, 99, 100, 101, 102, 103, 104, 105, 116, 117, 118, 119, 120, 121, 122, 123, 124, 125, 131, 132, 133, 134, 135, 136, 137, 138, 139, 140, 141, 142, 143, 144, 145, 156, 157, 158, 159, 165, 167, 170, 171, 172, 173, 175, 176, 178, 179, 195, 198, 199, 200, 201, 202, 203, 205, 206, 207, 208, 213, 218, 219, 220, 221, 223], "excluded_lines": [], "start_line": 1, "executed_branches": [], "missing_branches": [[52, 53], [52, 54], [88, 89], [88, 91], [119, 120], [119, 121], [122, 104], [122, 123], [124, 125], [124, 131], [136, 137], [136, 157], [138, 139], [138, 140], [142, 143], [142, 145], [172, 173], [172, 175]]}}}, "src/workers/shipment_worker.py": {"executed_lines": [], "summary": {"covered_lines": 0, "num_statements": 15, "percent_covered": 0.0, "percent_covered_display": "0", "missing_lines": 15, "excluded_lines": 0, "percent_statements_covered": 0.0, "percent_statements_covered_display": "0", "num_branches": 2, "num_partial_branches": 0, "covered_branches": 0, "missing_branches": 2, "percent_branches_covered": 0.0, "percent_branches_covered_display": "0"}, "missing_lines": [3, 5, 7, 8, 9, 11, 14, 21, 22, 23, 24, 26, 27, 28, 30], "excluded_lines": [], "executed_branches": [], "missing_branches": [[23, 24], [23, 28]], "functions": {"confirm_shipment": {"executed_lines": [], "summary": {"covered_lines": 0, "num_statements": 2, "percent_covered": 0.0, "percent_covered_display": "0", "missing_lines": 2, "excluded_lines": 0, "percent_statements_covered": 0.0, "percent_statements_covered_display": "0", "num_branches": 0, "num_partial_branches": 0, "covered_branches": 0, "missing_branches": 0, "percent_branches_covered": 100.0, "percent_branches_covered_display": "100"}, "missing_lines": [22, 30], "excluded_lines": [], "start_line": 21, "executed_branches": [], "missing_branches": []}, "confirm_shipment._run": {"executed_lines": [], "summary": {"covered_lines": 0, "num_statements": 5, "percent_covered": 0.0, "percent_covered_display": "0", "missing_lines": 5, "excluded_lines": 0, "percent_statements_covered": 0.0, "percent_statements_covered_display": "0", "num_branches": 2, "num_partial_branches": 0, "covered_branches": 0, "missing_branches": 2, "percent_branches_covered": 0.0, "percent_branches_covered_display": "0"}, "missing_lines": [23, 24, 26, 27, 28], "excluded_lines": [], "start_line": 22, "executed_branches": [], "missing_branches": [[23, 24], [23, 28]]}, "": {"executed_lines": [], "summary": {"covered_lines": 0, "num_statements": 8, "percent_covered": 0.0, "percent_covered_display": "0", "missing_lines": 8, "excluded_lines": 0, "percent_statements_covered": 0.0, "percent_statements_covered_display": "0", "num_branches": 0, "num_partial_branches": 0, "covered_branches": 0, "missing_branches": 0, "percent_branches_covered": 100.0, "percent_branches_covered_display": "100"}, "missing_lines": [3, 5, 7, 8, 9, 11, 14, 21], "excluded_lines": [], "start_line": 1, "executed_branches": [], "missing_branches": []}}, "classes": {"": {"executed_lines": [], "summary": {"covered_lines": 0, "num_statements": 15, "percent_covered": 0.0, "percent_covered_display": "0", "missing_lines": 15, "excluded_lines": 0, "percent_statements_covered": 0.0, "percent_statements_covered_display": "0", "num_branches": 2, "num_partial_branches": 0, "covered_branches": 0, "missing_branches": 2, "percent_branches_covered": 0.0, "percent_branches_covered_display": "0"}, "missing_lines": [3, 5, 7, 8, 9, 11, 14, 21, 22, 23, 24, 26, 27, 28, 30], "excluded_lines": [], "start_line": 1, "executed_branches": [], "missing_branches": [[23, 24], [23, 28]]}}}, "src/workers/stock_worker.py": {"executed_lines": [3, 5, 7, 8, 13, 14, 15, 23, 26, 27, 110, 111, 113, 114], "summary": {"covered_lines": 14, "num_statements": 79, "percent_covered": 14.285714285714286, "percent_covered_display": "14", "missing_lines": 65, "excluded_lines": 0, "percent_statements_covered": 17.72151898734177, "percent_statements_covered_display": "18", "num_branches": 26, "num_partial_branches": 1, "covered_branches": 1, "missing_branches": 25, "percent_branches_covered": 3.8461538461538463, "percent_branches_covered_display": "4"}, "missing_lines": [32, 33, 34, 35, 36, 38, 39, 40, 42, 43, 47, 48, 49, 51, 52, 53, 54, 56, 58, 59, 66, 67, 69, 70, 71, 79, 80, 81, 83, 84, 85, 86, 87, 93, 94, 95, 96, 99, 100, 101, 107, 116, 117, 119, 120, 121, 122, 123, 124, 125, 126, 127, 128, 129, 130, 131, 132, 133, 134, 135, 136, 140, 141, 142, 144], "excluded_lines": [], "executed_branches": [[113, 114]], "missing_branches": [[42, 43], [42, 81], [47, 48], [47, 51], [52, 53], [52, 80], [53, 54], [53, 56], [58, 59], [58, 69], [69, 70], [69, 79], [113, 116], [121, 122], [121, 141], [124, 121], [124, 125], [126, 127], [126, 129], [129, 130], [129, 131], [131, 124], [131, 132], [133, 134], [133, 135]], "functions": {"sync_stock_for_sku": {"executed_lines": [], "summary": {"covered_lines": 0, "num_statements": 14, "percent_covered": 0.0, "percent_covered_display": "0", "missing_lines": 14, "excluded_lines": 0, "percent_statements_covered": 0.0, "percent_statements_covered_display": "0", "num_branches": 0, "num_partial_branches": 0, "covered_branches": 0, "missing_branches": 0, "percent_branches_covered": 100.0, "percent_branches_covered_display": "100"}, "missing_lines": [32, 83, 84, 85, 86, 87, 93, 94, 95, 96, 99, 100, 101, 107], "excluded_lines": [], "start_line": 27, "executed_branches": [], "missing_branches": []}, "sync_stock_for_sku._run": {"executed_lines": [], "summary": {"covered_lines": 0, "num_statements": 27, "percent_covered": 0.0, "percent_covered_display": "0", "missing_lines": 27, "excluded_lines": 0, "percent_statements_covered": 0.0, "percent_statements_covered_display": "0", "num_branches": 12, "num_partial_branches": 0, "covered_branches": 0, "missing_branches": 12, "percent_branches_covered": 0.0, "percent_branches_covered_display": "0"}, "missing_lines": [33, 34, 35, 36, 38, 39, 40, 42, 43, 47, 48, 49, 51, 52, 53, 54, 56, 58, 59, 66, 67, 69, 70, 71, 79, 80, 81], "excluded_lines": [], "start_line": 32, "executed_branches": [], "missing_branches": [[42, 43], [42, 81], [47, 48], [47, 51], [52, 53], [52, 80], [53, 54], [53, 56], [58, 59], [58, 69], [69, 70], [69, 79]]}, "stock_safety_net": {"executed_lines": [113, 114], "summary": {"covered_lines": 2, "num_statements": 4, "percent_covered": 50.0, "percent_covered_display": "50", "missing_lines": 2, "excluded_lines": 0, "percent_statements_covered": 50.0, "percent_statements_covered_display": "50", "num_branches": 2, "num_partial_branches": 1, "covered_branches": 1, "missing_branches": 1, "percent_branches_covered": 50.0, "percent_branches_covered_display": "50"}, "missing_lines": [116, 144], "excluded_lines": [], "start_line": 111, "executed_branches": [[113, 114]], "missing_branches": [[113, 116]]}, "stock_safety_net._run": {"executed_lines": [], "summary": {"covered_lines": 0, "num_statements": 22, "percent_covered": 0.0, "percent_covered_display": "0", "missing_lines": 22, "excluded_lines": 0, "percent_statements_covered": 0.0, "percent_statements_covered_display": "0", "num_branches": 12, "num_partial_branches": 0, "covered_branches": 0, "missing_branches": 12, "percent_branches_covered": 0.0, "percent_branches_covered_display": "0"}, "missing_lines": [117, 119, 120, 121, 122, 123, 124, 125, 126, 127, 128, 129, 130, 131, 132, 133, 134, 135, 136, 140, 141, 142], "excluded_lines": [], "start_line": 116, "executed_branches": [], "missing_branches": [[121, 122], [121, 141], [124, 121], [124, 125], [126, 127], [126, 129], [129, 130], [129, 131], [131, 124], [131, 132], [133, 134], [133, 135]]}, "": {"executed_lines": [3, 5, 7, 8, 13, 14, 15, 23, 26, 27, 110, 111], "summary": {"covered_lines": 12, "num_statements": 12, "percent_covered": 100.0, "percent_covered_display": "100", "missing_lines": 0, "excluded_lines": 0, "percent_statements_covered": 100.0, "percent_statements_covered_display": "100", "num_branches": 0, "num_partial_branches": 0, "covered_branches": 0, "missing_branches": 0, "percent_branches_covered": 100.0, "percent_branches_covered_display": "100"}, "missing_lines": [], "excluded_lines": [], "start_line": 1, "executed_branches": [], "missing_branches": []}}, "classes": {"": {"executed_lines": [3, 5, 7, 8, 13, 14, 15, 23, 26, 27, 110, 111, 113, 114], "summary": {"covered_lines": 14, "num_statements": 79, "percent_covered": 14.285714285714286, "percent_covered_display": "14", "missing_lines": 65, "excluded_lines": 0, "percent_statements_covered": 17.72151898734177, "percent_statements_covered_display": "18", "num_branches": 26, "num_partial_branches": 1, "covered_branches": 1, "missing_branches": 25, "percent_branches_covered": 3.8461538461538463, "percent_branches_covered_display": "4"}, "missing_lines": [32, 33, 34, 35, 36, 38, 39, 40, 42, 43, 47, 48, 49, 51, 52, 53, 54, 56, 58, 59, 66, 67, 69, 70, 71, 79, 80, 81, 83, 84, 85, 86, 87, 93, 94, 95, 96, 99, 100, 101, 107, 116, 117, 119, 120, 121, 122, 123, 124, 125, 126, 127, 128, 129, 130, 131, 132, 133, 134, 135, 136, 140, 141, 142, 144], "excluded_lines": [], "start_line": 1, "executed_branches": [[113, 114]], "missing_branches": [[42, 43], [42, 81], [47, 48], [47, 51], [52, 53], [52, 80], [53, 54], [53, 56], [58, 59], [58, 69], [69, 70], [69, 79], [113, 116], [121, 122], [121, 141], [124, 121], [124, 125], [126, 127], [126, 129], [129, 130], [129, 131], [131, 124], [131, 132], [133, 134], [133, 135]]}}}}, "totals": {"covered_lines": 1280, "num_statements": 2624, "percent_covered": 45.22417153996101, "percent_covered_display": "45", "missing_lines": 1344, "excluded_lines": 45, "percent_statements_covered": 48.78048780487805, "percent_statements_covered_display": "49", "num_branches": 454, "num_partial_branches": 28, "covered_branches": 112, "missing_branches": 342, "percent_branches_covered": 24.669603524229075, "percent_branches_covered_display": "25"}}
